
*** Running vivado
    with args -log PmodIPs_wrapper.vds -m64 -product Vivado -mode batch -messageDb vivado.pb -notrace -source PmodIPs_wrapper.tcl


ECHO is off.
ECHO is off.

****** Vivado v2023.2 (64-bit)
  **** SW Build 4029153 on Fri Oct 13 20:14:34 MDT 2023
  **** IP Build 4028589 on Sat Oct 14 00:45:43 MDT 2023
  **** SharedData Build 4025554 on Tue Oct 10 17:18:54 MDT 2023
    ** Copyright 1986-2022 Xilinx, Inc. All Rights Reserved.
    ** Copyright 2022-2023 Advanced Micro Devices, Inc. All Rights Reserved.

source PmodIPs_wrapper.tcl -notrace
create_project: Time (s): cpu = 00:00:04 ; elapsed = 00:00:06 . Memory (MB): peak = 474.711 ; gain = 181.754
INFO: [IP_Flow 19-234] Refreshing IP repositories
INFO: [IP_Flow 19-1704] No user IP repositories specified
INFO: [IP_Flow 19-2313] Loaded Vivado IP repository 'C:/UNI/Y4S1/P4P/Vivado/Vivado/2023.2/data/ip'.
WARNING: [BD 41-1661] One or more IPs have been locked in the design 'PmodIPs.bd'. Please run report_ip_status for more details and recommendations on how to fix this issue.
List of locked IPs:
PmodIPs_axi_gpio_0_6
PmodIPs_rst_clk_wiz_0_100M_0
PmodIPs_axi_smc_0
PmodIPs_clk_wiz_0_0
PmodIPs_axi_uartlite_0_0
PmodIPs_rst_mig_7series_0_81M_0
PmodIPs_axi_gpio_0_3
PmodIPs_mig_7series_0_0
PmodIPs_axi_gpio_0_8

add_files: Time (s): cpu = 00:00:05 ; elapsed = 00:00:06 . Memory (MB): peak = 563.484 ; gain = 88.773
Command: read_checkpoint -auto_incremental -incremental C:/UNI/Y4S1/P4P/p4p-2024-group57/Implementation_Test/VivadoProjects/MyNewProject/MyNewProject.srcs/utils_1/imports/synth_1/PmodIPs_wrapper.dcp
INFO: [Vivado 12-5825] Read reference checkpoint from C:/UNI/Y4S1/P4P/p4p-2024-group57/Implementation_Test/VivadoProjects/MyNewProject/MyNewProject.srcs/utils_1/imports/synth_1/PmodIPs_wrapper.dcp for incremental synthesis
INFO: [Vivado 12-7989] Please ensure there are no constraint changes
Command: synth_design -top PmodIPs_wrapper -part xc7a100tcsg324-1
Starting synth_design
Attempting to get a license for feature 'Synthesis' and/or device 'xc7a100t'
INFO: [Common 17-349] Got license for feature 'Synthesis' and/or device 'xc7a100t'
INFO: [Device 21-403] Loading part xc7a100tcsg324-1
INFO: [Designutils 20-5440] No compile time benefit to using incremental synthesis; A full resynthesis will be run
INFO: [Designutils 20-4379] Flow is switching to default flow due to incremental criteria not met. If you would like to alter this behaviour and have the flow terminate instead, please set the following parameter config_implementation {autoIncr.Synth.RejectBehavior Terminate}
INFO: [Synth 8-7079] Multithreading enabled for synth_design using a maximum of 2 processes.
INFO: [Synth 8-7078] Launching helper process for spawning children vivado processes
INFO: [Synth 8-7075] Helper process launched with PID 19956
---------------------------------------------------------------------------------
Starting RTL Elaboration : Time (s): cpu = 00:00:04 ; elapsed = 00:00:05 . Memory (MB): peak = 1408.887 ; gain = 439.234
---------------------------------------------------------------------------------
INFO: [Synth 8-6157] synthesizing module 'PmodIPs_wrapper' [C:/UNI/Y4S1/P4P/p4p-2024-group57/Implementation_Test/VivadoProjects/MyNewProject/MyNewProject.gen/sources_1/bd/PmodIPs/hdl/PmodIPs_wrapper.v:13]
INFO: [Synth 8-638] synthesizing module 'PmodIPs' [c:/UNI/Y4S1/P4P/p4p-2024-group57/Implementation_Test/VivadoProjects/MyNewProject/MyNewProject.gen/sources_1/bd/PmodIPs/synth/PmodIPs.vhd:2647]
INFO: [Synth 8-3491] module 'PmodIPs_axi_gpio_0_3' declared at 'C:/UNI/Y4S1/P4P/p4p-2024-group57/Implementation_Test/VivadoProjects/MyNewProject/MyNewProject.runs/synth_1/.Xil/Vivado-19196-DESKTOP-609QEO1/realtime/PmodIPs_axi_gpio_0_3_stub.vhdl:6' bound to instance 'AXI_GPIO_LED' of component 'PmodIPs_axi_gpio_0_3' [c:/UNI/Y4S1/P4P/p4p-2024-group57/Implementation_Test/VivadoProjects/MyNewProject/MyNewProject.gen/sources_1/bd/PmodIPs/synth/PmodIPs.vhd:3481]
INFO: [Synth 8-638] synthesizing module 'PmodIPs_axi_gpio_0_3' [C:/UNI/Y4S1/P4P/p4p-2024-group57/Implementation_Test/VivadoProjects/MyNewProject/MyNewProject.runs/synth_1/.Xil/Vivado-19196-DESKTOP-609QEO1/realtime/PmodIPs_axi_gpio_0_3_stub.vhdl:32]
INFO: [Synth 8-3491] module 'PmodIPs_axi_gpio_0_6' declared at 'C:/UNI/Y4S1/P4P/p4p-2024-group57/Implementation_Test/VivadoProjects/MyNewProject/MyNewProject.runs/synth_1/.Xil/Vivado-19196-DESKTOP-609QEO1/realtime/PmodIPs_axi_gpio_0_6_stub.vhdl:6' bound to instance 'AXI_GPIO_RGB_LED' of component 'PmodIPs_axi_gpio_0_6' [c:/UNI/Y4S1/P4P/p4p-2024-group57/Implementation_Test/VivadoProjects/MyNewProject/MyNewProject.gen/sources_1/bd/PmodIPs/synth/PmodIPs.vhd:3504]
INFO: [Synth 8-638] synthesizing module 'PmodIPs_axi_gpio_0_6' [C:/UNI/Y4S1/P4P/p4p-2024-group57/Implementation_Test/VivadoProjects/MyNewProject/MyNewProject.runs/synth_1/.Xil/Vivado-19196-DESKTOP-609QEO1/realtime/PmodIPs_axi_gpio_0_6_stub.vhdl:32]
INFO: [Synth 8-3491] module 'PmodIPs_axi_uartlite_0_0' declared at 'C:/UNI/Y4S1/P4P/p4p-2024-group57/Implementation_Test/VivadoProjects/MyNewProject/MyNewProject.runs/synth_1/.Xil/Vivado-19196-DESKTOP-609QEO1/realtime/PmodIPs_axi_uartlite_0_0_stub.vhdl:6' bound to instance 'AXI_UARTLITE' of component 'PmodIPs_axi_uartlite_0_0' [c:/UNI/Y4S1/P4P/p4p-2024-group57/Implementation_Test/VivadoProjects/MyNewProject/MyNewProject.gen/sources_1/bd/PmodIPs/synth/PmodIPs.vhd:3527]
INFO: [Synth 8-638] synthesizing module 'PmodIPs_axi_uartlite_0_0' [C:/UNI/Y4S1/P4P/p4p-2024-group57/Implementation_Test/VivadoProjects/MyNewProject/MyNewProject.runs/synth_1/.Xil/Vivado-19196-DESKTOP-609QEO1/realtime/PmodIPs_axi_uartlite_0_0_stub.vhdl:34]
INFO: [Synth 8-3491] module 'PmodIPs_ClockDivider_0_0' declared at 'C:/UNI/Y4S1/P4P/p4p-2024-group57/Implementation_Test/VivadoProjects/MyNewProject/MyNewProject.runs/synth_1/.Xil/Vivado-19196-DESKTOP-609QEO1/realtime/PmodIPs_ClockDivider_0_0_stub.vhdl:6' bound to instance 'ClockDivider_0' of component 'PmodIPs_ClockDivider_0_0' [c:/UNI/Y4S1/P4P/p4p-2024-group57/Implementation_Test/VivadoProjects/MyNewProject/MyNewProject.gen/sources_1/bd/PmodIPs/synth/PmodIPs.vhd:3552]
INFO: [Synth 8-638] synthesizing module 'PmodIPs_ClockDivider_0_0' [C:/UNI/Y4S1/P4P/p4p-2024-group57/Implementation_Test/VivadoProjects/MyNewProject/MyNewProject.runs/synth_1/.Xil/Vivado-19196-DESKTOP-609QEO1/realtime/PmodIPs_ClockDivider_0_0_stub.vhdl:14]
INFO: [Synth 8-3491] module 'PmodIPs_axi_gpio_0_8' declared at 'C:/UNI/Y4S1/P4P/p4p-2024-group57/Implementation_Test/VivadoProjects/MyNewProject/MyNewProject.runs/synth_1/.Xil/Vivado-19196-DESKTOP-609QEO1/realtime/PmodIPs_axi_gpio_0_8_stub.vhdl:6' bound to instance 'axi_gpio_button' of component 'PmodIPs_axi_gpio_0_8' [c:/UNI/Y4S1/P4P/p4p-2024-group57/Implementation_Test/VivadoProjects/MyNewProject/MyNewProject.gen/sources_1/bd/PmodIPs/synth/PmodIPs.vhd:3557]
INFO: [Synth 8-638] synthesizing module 'PmodIPs_axi_gpio_0_8' [C:/UNI/Y4S1/P4P/p4p-2024-group57/Implementation_Test/VivadoProjects/MyNewProject/MyNewProject.runs/synth_1/.Xil/Vivado-19196-DESKTOP-609QEO1/realtime/PmodIPs_axi_gpio_0_8_stub.vhdl:34]
INFO: [Synth 8-3491] module 'PmodIPs_axi_smc_0' declared at 'C:/UNI/Y4S1/P4P/p4p-2024-group57/Implementation_Test/VivadoProjects/MyNewProject/MyNewProject.runs/synth_1/.Xil/Vivado-19196-DESKTOP-609QEO1/realtime/PmodIPs_axi_smc_0_stub.vhdl:6' bound to instance 'axi_smc' of component 'PmodIPs_axi_smc_0' [c:/UNI/Y4S1/P4P/p4p-2024-group57/Implementation_Test/VivadoProjects/MyNewProject/MyNewProject.gen/sources_1/bd/PmodIPs/synth/PmodIPs.vhd:3582]
INFO: [Synth 8-638] synthesizing module 'PmodIPs_axi_smc_0' [C:/UNI/Y4S1/P4P/p4p-2024-group57/Implementation_Test/VivadoProjects/MyNewProject/MyNewProject.runs/synth_1/.Xil/Vivado-19196-DESKTOP-609QEO1/realtime/PmodIPs_axi_smc_0_stub.vhdl:96]
INFO: [Synth 8-3491] module 'PmodIPs_clk_wiz_0_0' declared at 'C:/UNI/Y4S1/P4P/p4p-2024-group57/Implementation_Test/VivadoProjects/MyNewProject/MyNewProject.runs/synth_1/.Xil/Vivado-19196-DESKTOP-609QEO1/realtime/PmodIPs_clk_wiz_0_0_stub.vhdl:6' bound to instance 'clk_wiz_0' of component 'PmodIPs_clk_wiz_0_0' [c:/UNI/Y4S1/P4P/p4p-2024-group57/Implementation_Test/VivadoProjects/MyNewProject/MyNewProject.gen/sources_1/bd/PmodIPs/synth/PmodIPs.vhd:3669]
INFO: [Synth 8-638] synthesizing module 'PmodIPs_clk_wiz_0_0' [C:/UNI/Y4S1/P4P/p4p-2024-group57/Implementation_Test/VivadoProjects/MyNewProject/MyNewProject.runs/synth_1/.Xil/Vivado-19196-DESKTOP-609QEO1/realtime/PmodIPs_clk_wiz_0_0_stub.vhdl:16]
INFO: [Synth 8-3491] module 'PmodIPs_mdm_1_0' declared at 'C:/UNI/Y4S1/P4P/p4p-2024-group57/Implementation_Test/VivadoProjects/MyNewProject/MyNewProject.runs/synth_1/.Xil/Vivado-19196-DESKTOP-609QEO1/realtime/PmodIPs_mdm_1_0_stub.vhdl:6' bound to instance 'mdm_1' of component 'PmodIPs_mdm_1_0' [c:/UNI/Y4S1/P4P/p4p-2024-group57/Implementation_Test/VivadoProjects/MyNewProject/MyNewProject.gen/sources_1/bd/PmodIPs/synth/PmodIPs.vhd:3676]
INFO: [Synth 8-638] synthesizing module 'PmodIPs_mdm_1_0' [C:/UNI/Y4S1/P4P/p4p-2024-group57/Implementation_Test/VivadoProjects/MyNewProject/MyNewProject.runs/synth_1/.Xil/Vivado-19196-DESKTOP-609QEO1/realtime/PmodIPs_mdm_1_0_stub.vhdl:22]
INFO: [Synth 8-3491] module 'PmodIPs_microblaze_0_0' declared at 'C:/UNI/Y4S1/P4P/p4p-2024-group57/Implementation_Test/VivadoProjects/MyNewProject/MyNewProject.runs/synth_1/.Xil/Vivado-19196-DESKTOP-609QEO1/realtime/PmodIPs_microblaze_0_0_stub.vhdl:6' bound to instance 'microblaze_0' of component 'PmodIPs_microblaze_0_0' [c:/UNI/Y4S1/P4P/p4p-2024-group57/Implementation_Test/VivadoProjects/MyNewProject/MyNewProject.gen/sources_1/bd/PmodIPs/synth/PmodIPs.vhd:3689]
INFO: [Synth 8-638] synthesizing module 'PmodIPs_microblaze_0_0' [C:/UNI/Y4S1/P4P/p4p-2024-group57/Implementation_Test/VivadoProjects/MyNewProject/MyNewProject.runs/synth_1/.Xil/Vivado-19196-DESKTOP-609QEO1/realtime/PmodIPs_microblaze_0_0_stub.vhdl:138]
INFO: [Synth 8-3491] module 'PmodIPs_microblaze_0_axi_intc_0' declared at 'C:/UNI/Y4S1/P4P/p4p-2024-group57/Implementation_Test/VivadoProjects/MyNewProject/MyNewProject.runs/synth_1/.Xil/Vivado-19196-DESKTOP-609QEO1/realtime/PmodIPs_microblaze_0_axi_intc_0_stub.vhdl:6' bound to instance 'microblaze_0_axi_intc' of component 'PmodIPs_microblaze_0_axi_intc_0' [c:/UNI/Y4S1/P4P/p4p-2024-group57/Implementation_Test/VivadoProjects/MyNewProject/MyNewProject.gen/sources_1/bd/PmodIPs/synth/PmodIPs.vhd:3849]
INFO: [Synth 8-638] synthesizing module 'PmodIPs_microblaze_0_axi_intc_0' [C:/UNI/Y4S1/P4P/p4p-2024-group57/Implementation_Test/VivadoProjects/MyNewProject/MyNewProject.runs/synth_1/.Xil/Vivado-19196-DESKTOP-609QEO1/realtime/PmodIPs_microblaze_0_axi_intc_0_stub.vhdl:37]
INFO: [Synth 8-638] synthesizing module 'PmodIPs_microblaze_0_axi_periph_0' [c:/UNI/Y4S1/P4P/p4p-2024-group57/Implementation_Test/VivadoProjects/MyNewProject/MyNewProject.gen/sources_1/bd/PmodIPs/synth/PmodIPs.vhd:1576]
INFO: [Synth 8-638] synthesizing module 'm00_couplers_imp_1TR3C8Y' [c:/UNI/Y4S1/P4P/p4p-2024-group57/Implementation_Test/VivadoProjects/MyNewProject/MyNewProject.gen/sources_1/bd/PmodIPs/synth/PmodIPs.vhd:58]
INFO: [Synth 8-256] done synthesizing module 'm00_couplers_imp_1TR3C8Y' (0#1) [c:/UNI/Y4S1/P4P/p4p-2024-group57/Implementation_Test/VivadoProjects/MyNewProject/MyNewProject.gen/sources_1/bd/PmodIPs/synth/PmodIPs.vhd:58]
INFO: [Synth 8-638] synthesizing module 'm01_couplers_imp_TSIA9T' [c:/UNI/Y4S1/P4P/p4p-2024-group57/Implementation_Test/VivadoProjects/MyNewProject/MyNewProject.gen/sources_1/bd/PmodIPs/synth/PmodIPs.vhd:159]
INFO: [Synth 8-256] done synthesizing module 'm01_couplers_imp_TSIA9T' (0#1) [c:/UNI/Y4S1/P4P/p4p-2024-group57/Implementation_Test/VivadoProjects/MyNewProject/MyNewProject.gen/sources_1/bd/PmodIPs/synth/PmodIPs.vhd:159]
INFO: [Synth 8-638] synthesizing module 'm02_couplers_imp_FR2L8L' [c:/UNI/Y4S1/P4P/p4p-2024-group57/Implementation_Test/VivadoProjects/MyNewProject/MyNewProject.gen/sources_1/bd/PmodIPs/synth/PmodIPs.vhd:260]
INFO: [Synth 8-256] done synthesizing module 'm02_couplers_imp_FR2L8L' (0#1) [c:/UNI/Y4S1/P4P/p4p-2024-group57/Implementation_Test/VivadoProjects/MyNewProject/MyNewProject.gen/sources_1/bd/PmodIPs/synth/PmodIPs.vhd:260]
INFO: [Synth 8-638] synthesizing module 'm03_couplers_imp_1H3QERQ' [c:/UNI/Y4S1/P4P/p4p-2024-group57/Implementation_Test/VivadoProjects/MyNewProject/MyNewProject.gen/sources_1/bd/PmodIPs/synth/PmodIPs.vhd:361]
INFO: [Synth 8-256] done synthesizing module 'm03_couplers_imp_1H3QERQ' (0#1) [c:/UNI/Y4S1/P4P/p4p-2024-group57/Implementation_Test/VivadoProjects/MyNewProject/MyNewProject.gen/sources_1/bd/PmodIPs/synth/PmodIPs.vhd:361]
INFO: [Synth 8-638] synthesizing module 'm04_couplers_imp_18DN5E5' [c:/UNI/Y4S1/P4P/p4p-2024-group57/Implementation_Test/VivadoProjects/MyNewProject/MyNewProject.gen/sources_1/bd/PmodIPs/synth/PmodIPs.vhd:462]
INFO: [Synth 8-256] done synthesizing module 'm04_couplers_imp_18DN5E5' (0#1) [c:/UNI/Y4S1/P4P/p4p-2024-group57/Implementation_Test/VivadoProjects/MyNewProject/MyNewProject.gen/sources_1/bd/PmodIPs/synth/PmodIPs.vhd:462]
INFO: [Synth 8-638] synthesizing module 'm05_couplers_imp_6R4KEM' [c:/UNI/Y4S1/P4P/p4p-2024-group57/Implementation_Test/VivadoProjects/MyNewProject/MyNewProject.gen/sources_1/bd/PmodIPs/synth/PmodIPs.vhd:567]
INFO: [Synth 8-256] done synthesizing module 'm05_couplers_imp_6R4KEM' (0#1) [c:/UNI/Y4S1/P4P/p4p-2024-group57/Implementation_Test/VivadoProjects/MyNewProject/MyNewProject.gen/sources_1/bd/PmodIPs/synth/PmodIPs.vhd:567]
INFO: [Synth 8-638] synthesizing module 'm06_couplers_imp_L15WI2' [c:/UNI/Y4S1/P4P/p4p-2024-group57/Implementation_Test/VivadoProjects/MyNewProject/MyNewProject.gen/sources_1/bd/PmodIPs/synth/PmodIPs.vhd:678]
INFO: [Synth 8-256] done synthesizing module 'm06_couplers_imp_L15WI2' (0#1) [c:/UNI/Y4S1/P4P/p4p-2024-group57/Implementation_Test/VivadoProjects/MyNewProject/MyNewProject.gen/sources_1/bd/PmodIPs/synth/PmodIPs.vhd:678]
INFO: [Synth 8-638] synthesizing module 's00_couplers_imp_TWJTY6' [c:/UNI/Y4S1/P4P/p4p-2024-group57/Implementation_Test/VivadoProjects/MyNewProject/MyNewProject.gen/sources_1/bd/PmodIPs/synth/PmodIPs.vhd:1347]
INFO: [Synth 8-256] done synthesizing module 's00_couplers_imp_TWJTY6' (0#1) [c:/UNI/Y4S1/P4P/p4p-2024-group57/Implementation_Test/VivadoProjects/MyNewProject/MyNewProject.gen/sources_1/bd/PmodIPs/synth/PmodIPs.vhd:1347]
INFO: [Synth 8-3491] module 'PmodIPs_xbar_0' declared at 'C:/UNI/Y4S1/P4P/p4p-2024-group57/Implementation_Test/VivadoProjects/MyNewProject/MyNewProject.runs/synth_1/.Xil/Vivado-19196-DESKTOP-609QEO1/realtime/PmodIPs_xbar_0_stub.vhdl:6' bound to instance 'xbar' of component 'PmodIPs_xbar_0' [c:/UNI/Y4S1/P4P/p4p-2024-group57/Implementation_Test/VivadoProjects/MyNewProject/MyNewProject.gen/sources_1/bd/PmodIPs/synth/PmodIPs.vhd:2394]
INFO: [Synth 8-638] synthesizing module 'PmodIPs_xbar_0' [C:/UNI/Y4S1/P4P/p4p-2024-group57/Implementation_Test/VivadoProjects/MyNewProject/MyNewProject.runs/synth_1/.Xil/Vivado-19196-DESKTOP-609QEO1/realtime/PmodIPs_xbar_0_stub.vhdl:52]
INFO: [Synth 8-256] done synthesizing module 'PmodIPs_microblaze_0_axi_periph_0' (0#1) [c:/UNI/Y4S1/P4P/p4p-2024-group57/Implementation_Test/VivadoProjects/MyNewProject/MyNewProject.gen/sources_1/bd/PmodIPs/synth/PmodIPs.vhd:1576]
INFO: [Synth 8-638] synthesizing module 'microblaze_0_local_memory_imp_M6WY8Y' [c:/UNI/Y4S1/P4P/p4p-2024-group57/Implementation_Test/VivadoProjects/MyNewProject/MyNewProject.gen/sources_1/bd/PmodIPs/synth/PmodIPs.vhd:768]
INFO: [Synth 8-3491] module 'PmodIPs_dlmb_bram_if_cntlr_0' declared at 'C:/UNI/Y4S1/P4P/p4p-2024-group57/Implementation_Test/VivadoProjects/MyNewProject/MyNewProject.runs/synth_1/.Xil/Vivado-19196-DESKTOP-609QEO1/realtime/PmodIPs_dlmb_bram_if_cntlr_0_stub.vhdl:6' bound to instance 'dlmb_bram_if_cntlr' of component 'PmodIPs_dlmb_bram_if_cntlr_0' [c:/UNI/Y4S1/P4P/p4p-2024-group57/Implementation_Test/VivadoProjects/MyNewProject/MyNewProject.gen/sources_1/bd/PmodIPs/synth/PmodIPs.vhd:982]
INFO: [Synth 8-638] synthesizing module 'PmodIPs_dlmb_bram_if_cntlr_0' [C:/UNI/Y4S1/P4P/p4p-2024-group57/Implementation_Test/VivadoProjects/MyNewProject/MyNewProject.runs/synth_1/.Xil/Vivado-19196-DESKTOP-609QEO1/realtime/PmodIPs_dlmb_bram_if_cntlr_0_stub.vhdl:32]
INFO: [Synth 8-3491] module 'PmodIPs_dlmb_v10_0' declared at 'C:/UNI/Y4S1/P4P/p4p-2024-group57/Implementation_Test/VivadoProjects/MyNewProject/MyNewProject.runs/synth_1/.Xil/Vivado-19196-DESKTOP-609QEO1/realtime/PmodIPs_dlmb_v10_0_stub.vhdl:6' bound to instance 'dlmb_v10' of component 'PmodIPs_dlmb_v10_0' [c:/UNI/Y4S1/P4P/p4p-2024-group57/Implementation_Test/VivadoProjects/MyNewProject/MyNewProject.gen/sources_1/bd/PmodIPs/synth/PmodIPs.vhd:1036]
INFO: [Synth 8-638] synthesizing module 'PmodIPs_dlmb_v10_0' [C:/UNI/Y4S1/P4P/p4p-2024-group57/Implementation_Test/VivadoProjects/MyNewProject/MyNewProject.runs/synth_1/.Xil/Vivado-19196-DESKTOP-609QEO1/realtime/PmodIPs_dlmb_v10_0_stub.vhdl:37]
INFO: [Synth 8-3491] module 'PmodIPs_ilmb_bram_if_cntlr_0' declared at 'C:/UNI/Y4S1/P4P/p4p-2024-group57/Implementation_Test/VivadoProjects/MyNewProject/MyNewProject.runs/synth_1/.Xil/Vivado-19196-DESKTOP-609QEO1/realtime/PmodIPs_ilmb_bram_if_cntlr_0_stub.vhdl:6' bound to instance 'ilmb_bram_if_cntlr' of component 'PmodIPs_ilmb_bram_if_cntlr_0' [c:/UNI/Y4S1/P4P/p4p-2024-group57/Implementation_Test/VivadoProjects/MyNewProject/MyNewProject.gen/sources_1/bd/PmodIPs/synth/PmodIPs.vhd:1064]
INFO: [Synth 8-638] synthesizing module 'PmodIPs_ilmb_bram_if_cntlr_0' [C:/UNI/Y4S1/P4P/p4p-2024-group57/Implementation_Test/VivadoProjects/MyNewProject/MyNewProject.runs/synth_1/.Xil/Vivado-19196-DESKTOP-609QEO1/realtime/PmodIPs_ilmb_bram_if_cntlr_0_stub.vhdl:32]
INFO: [Synth 8-3491] module 'PmodIPs_ilmb_v10_0' declared at 'C:/UNI/Y4S1/P4P/p4p-2024-group57/Implementation_Test/VivadoProjects/MyNewProject/MyNewProject.runs/synth_1/.Xil/Vivado-19196-DESKTOP-609QEO1/realtime/PmodIPs_ilmb_v10_0_stub.vhdl:6' bound to instance 'ilmb_v10' of component 'PmodIPs_ilmb_v10_0' [c:/UNI/Y4S1/P4P/p4p-2024-group57/Implementation_Test/VivadoProjects/MyNewProject/MyNewProject.gen/sources_1/bd/PmodIPs/synth/PmodIPs.vhd:1118]
INFO: [Synth 8-638] synthesizing module 'PmodIPs_ilmb_v10_0' [C:/UNI/Y4S1/P4P/p4p-2024-group57/Implementation_Test/VivadoProjects/MyNewProject/MyNewProject.runs/synth_1/.Xil/Vivado-19196-DESKTOP-609QEO1/realtime/PmodIPs_ilmb_v10_0_stub.vhdl:37]
INFO: [Synth 8-3491] module 'PmodIPs_lmb_bram_0' declared at 'C:/UNI/Y4S1/P4P/p4p-2024-group57/Implementation_Test/VivadoProjects/MyNewProject/MyNewProject.runs/synth_1/.Xil/Vivado-19196-DESKTOP-609QEO1/realtime/PmodIPs_lmb_bram_0_stub.vhdl:6' bound to instance 'lmb_bram' of component 'PmodIPs_lmb_bram_0' [c:/UNI/Y4S1/P4P/p4p-2024-group57/Implementation_Test/VivadoProjects/MyNewProject/MyNewProject.gen/sources_1/bd/PmodIPs/synth/PmodIPs.vhd:1146]
INFO: [Synth 8-638] synthesizing module 'PmodIPs_lmb_bram_0' [C:/UNI/Y4S1/P4P/p4p-2024-group57/Implementation_Test/VivadoProjects/MyNewProject/MyNewProject.runs/synth_1/.Xil/Vivado-19196-DESKTOP-609QEO1/realtime/PmodIPs_lmb_bram_0_stub.vhdl:28]
INFO: [Synth 8-256] done synthesizing module 'microblaze_0_local_memory_imp_M6WY8Y' (0#1) [c:/UNI/Y4S1/P4P/p4p-2024-group57/Implementation_Test/VivadoProjects/MyNewProject/MyNewProject.gen/sources_1/bd/PmodIPs/synth/PmodIPs.vhd:768]
INFO: [Synth 8-3491] module 'PmodIPs_microblaze_0_xlconcat_0' declared at 'c:/UNI/Y4S1/P4P/p4p-2024-group57/Implementation_Test/VivadoProjects/MyNewProject/MyNewProject.gen/sources_1/bd/PmodIPs/ip/PmodIPs_microblaze_0_xlconcat_0/synth/PmodIPs_microblaze_0_xlconcat_0.v:53' bound to instance 'microblaze_0_xlconcat' of component 'PmodIPs_microblaze_0_xlconcat_0' [c:/UNI/Y4S1/P4P/p4p-2024-group57/Implementation_Test/VivadoProjects/MyNewProject/MyNewProject.gen/sources_1/bd/PmodIPs/synth/PmodIPs.vhd:4065]
INFO: [Synth 8-6157] synthesizing module 'PmodIPs_microblaze_0_xlconcat_0' [c:/UNI/Y4S1/P4P/p4p-2024-group57/Implementation_Test/VivadoProjects/MyNewProject/MyNewProject.gen/sources_1/bd/PmodIPs/ip/PmodIPs_microblaze_0_xlconcat_0/synth/PmodIPs_microblaze_0_xlconcat_0.v:53]
INFO: [Synth 8-6157] synthesizing module 'xlconcat_v2_1_5_xlconcat' [c:/UNI/Y4S1/P4P/p4p-2024-group57/Implementation_Test/VivadoProjects/MyNewProject/MyNewProject.gen/sources_1/bd/PmodIPs/ipshared/147b/hdl/xlconcat_v2_1_vl_rfs.v:59]
INFO: [Synth 8-6155] done synthesizing module 'xlconcat_v2_1_5_xlconcat' (0#1) [c:/UNI/Y4S1/P4P/p4p-2024-group57/Implementation_Test/VivadoProjects/MyNewProject/MyNewProject.gen/sources_1/bd/PmodIPs/ipshared/147b/hdl/xlconcat_v2_1_vl_rfs.v:59]
INFO: [Synth 8-6155] done synthesizing module 'PmodIPs_microblaze_0_xlconcat_0' (0#1) [c:/UNI/Y4S1/P4P/p4p-2024-group57/Implementation_Test/VivadoProjects/MyNewProject/MyNewProject.gen/sources_1/bd/PmodIPs/ip/PmodIPs_microblaze_0_xlconcat_0/synth/PmodIPs_microblaze_0_xlconcat_0.v:53]
WARNING: [Synth 8-5640] Port 'ui_addn_clk_1' is missing in component declaration [c:/UNI/Y4S1/P4P/p4p-2024-group57/Implementation_Test/VivadoProjects/MyNewProject/MyNewProject.gen/sources_1/bd/PmodIPs/synth/PmodIPs.vhd:3018]
WARNING: [Synth 8-5640] Port 'ui_addn_clk_2' is missing in component declaration [c:/UNI/Y4S1/P4P/p4p-2024-group57/Implementation_Test/VivadoProjects/MyNewProject/MyNewProject.gen/sources_1/bd/PmodIPs/synth/PmodIPs.vhd:3018]
WARNING: [Synth 8-5640] Port 'ui_addn_clk_3' is missing in component declaration [c:/UNI/Y4S1/P4P/p4p-2024-group57/Implementation_Test/VivadoProjects/MyNewProject/MyNewProject.gen/sources_1/bd/PmodIPs/synth/PmodIPs.vhd:3018]
WARNING: [Synth 8-5640] Port 'ui_addn_clk_4' is missing in component declaration [c:/UNI/Y4S1/P4P/p4p-2024-group57/Implementation_Test/VivadoProjects/MyNewProject/MyNewProject.gen/sources_1/bd/PmodIPs/synth/PmodIPs.vhd:3018]
WARNING: [Synth 8-5640] Port 'app_sr_active' is missing in component declaration [c:/UNI/Y4S1/P4P/p4p-2024-group57/Implementation_Test/VivadoProjects/MyNewProject/MyNewProject.gen/sources_1/bd/PmodIPs/synth/PmodIPs.vhd:3018]
WARNING: [Synth 8-5640] Port 'app_ref_ack' is missing in component declaration [c:/UNI/Y4S1/P4P/p4p-2024-group57/Implementation_Test/VivadoProjects/MyNewProject/MyNewProject.gen/sources_1/bd/PmodIPs/synth/PmodIPs.vhd:3018]
WARNING: [Synth 8-5640] Port 'app_zq_ack' is missing in component declaration [c:/UNI/Y4S1/P4P/p4p-2024-group57/Implementation_Test/VivadoProjects/MyNewProject/MyNewProject.gen/sources_1/bd/PmodIPs/synth/PmodIPs.vhd:3018]
WARNING: [Synth 8-5640] Port 'device_temp' is missing in component declaration [c:/UNI/Y4S1/P4P/p4p-2024-group57/Implementation_Test/VivadoProjects/MyNewProject/MyNewProject.gen/sources_1/bd/PmodIPs/synth/PmodIPs.vhd:3018]
INFO: [Synth 8-3491] module 'PmodIPs_mig_7series_0_0' declared at 'C:/UNI/Y4S1/P4P/p4p-2024-group57/Implementation_Test/VivadoProjects/MyNewProject/MyNewProject.runs/synth_1/.Xil/Vivado-19196-DESKTOP-609QEO1/realtime/PmodIPs_mig_7series_0_0_stub.vhdl:6' bound to instance 'mig_7series_0' of component 'PmodIPs_mig_7series_0_0' [c:/UNI/Y4S1/P4P/p4p-2024-group57/Implementation_Test/VivadoProjects/MyNewProject/MyNewProject.gen/sources_1/bd/PmodIPs/synth/PmodIPs.vhd:4071]
INFO: [Synth 8-638] synthesizing module 'PmodIPs_mig_7series_0_0' [C:/UNI/Y4S1/P4P/p4p-2024-group57/Implementation_Test/VivadoProjects/MyNewProject/MyNewProject.runs/synth_1/.Xil/Vivado-19196-DESKTOP-609QEO1/realtime/PmodIPs_mig_7series_0_0_stub.vhdl:81]
INFO: [Synth 8-3491] module 'PmodIPs_rst_clk_wiz_0_100M_0' declared at 'C:/UNI/Y4S1/P4P/p4p-2024-group57/Implementation_Test/VivadoProjects/MyNewProject/MyNewProject.runs/synth_1/.Xil/Vivado-19196-DESKTOP-609QEO1/realtime/PmodIPs_rst_clk_wiz_0_100M_0_stub.vhdl:6' bound to instance 'rst_clk_wiz_0_100M' of component 'PmodIPs_rst_clk_wiz_0_100M_0' [c:/UNI/Y4S1/P4P/p4p-2024-group57/Implementation_Test/VivadoProjects/MyNewProject/MyNewProject.gen/sources_1/bd/PmodIPs/synth/PmodIPs.vhd:4135]
INFO: [Synth 8-638] synthesizing module 'PmodIPs_rst_clk_wiz_0_100M_0' [C:/UNI/Y4S1/P4P/p4p-2024-group57/Implementation_Test/VivadoProjects/MyNewProject/MyNewProject.runs/synth_1/.Xil/Vivado-19196-DESKTOP-609QEO1/realtime/PmodIPs_rst_clk_wiz_0_100M_0_stub.vhdl:22]
INFO: [Synth 8-3491] module 'PmodIPs_rst_mig_7series_0_81M_0' declared at 'C:/UNI/Y4S1/P4P/p4p-2024-group57/Implementation_Test/VivadoProjects/MyNewProject/MyNewProject.runs/synth_1/.Xil/Vivado-19196-DESKTOP-609QEO1/realtime/PmodIPs_rst_mig_7series_0_81M_0_stub.vhdl:6' bound to instance 'rst_mig_7series_0_81M' of component 'PmodIPs_rst_mig_7series_0_81M_0' [c:/UNI/Y4S1/P4P/p4p-2024-group57/Implementation_Test/VivadoProjects/MyNewProject/MyNewProject.gen/sources_1/bd/PmodIPs/synth/PmodIPs.vhd:4148]
INFO: [Synth 8-638] synthesizing module 'PmodIPs_rst_mig_7series_0_81M_0' [C:/UNI/Y4S1/P4P/p4p-2024-group57/Implementation_Test/VivadoProjects/MyNewProject/MyNewProject.runs/synth_1/.Xil/Vivado-19196-DESKTOP-609QEO1/realtime/PmodIPs_rst_mig_7series_0_81M_0_stub.vhdl:22]
INFO: [Synth 8-256] done synthesizing module 'PmodIPs' (0#1) [c:/UNI/Y4S1/P4P/p4p-2024-group57/Implementation_Test/VivadoProjects/MyNewProject/MyNewProject.gen/sources_1/bd/PmodIPs/synth/PmodIPs.vhd:2647]
INFO: [Synth 8-6157] synthesizing module 'IOBUF' [C:/UNI/Y4S1/P4P/Vivado/Vivado/2023.2/scripts/rt/data/unisim_comp.v:78197]
INFO: [Synth 8-6155] done synthesizing module 'IOBUF' (0#1) [C:/UNI/Y4S1/P4P/Vivado/Vivado/2023.2/scripts/rt/data/unisim_comp.v:78197]
INFO: [Synth 8-6155] done synthesizing module 'PmodIPs_wrapper' (0#1) [C:/UNI/Y4S1/P4P/p4p-2024-group57/Implementation_Test/VivadoProjects/MyNewProject/MyNewProject.gen/sources_1/bd/PmodIPs/hdl/PmodIPs_wrapper.v:13]
WARNING: [Synth 8-7129] Port In2[0] in module xlconcat_v2_1_5_xlconcat is either unconnected or has no load
WARNING: [Synth 8-7129] Port In3[0] in module xlconcat_v2_1_5_xlconcat is either unconnected or has no load
WARNING: [Synth 8-7129] Port In4[0] in module xlconcat_v2_1_5_xlconcat is either unconnected or has no load
WARNING: [Synth 8-7129] Port In5[0] in module xlconcat_v2_1_5_xlconcat is either unconnected or has no load
WARNING: [Synth 8-7129] Port In6[0] in module xlconcat_v2_1_5_xlconcat is either unconnected or has no load
WARNING: [Synth 8-7129] Port In7[0] in module xlconcat_v2_1_5_xlconcat is either unconnected or has no load
WARNING: [Synth 8-7129] Port In8[0] in module xlconcat_v2_1_5_xlconcat is either unconnected or has no load
WARNING: [Synth 8-7129] Port In9[0] in module xlconcat_v2_1_5_xlconcat is either unconnected or has no load
WARNING: [Synth 8-7129] Port In10[0] in module xlconcat_v2_1_5_xlconcat is either unconnected or has no load
WARNING: [Synth 8-7129] Port In11[0] in module xlconcat_v2_1_5_xlconcat is either unconnected or has no load
WARNING: [Synth 8-7129] Port In12[0] in module xlconcat_v2_1_5_xlconcat is either unconnected or has no load
WARNING: [Synth 8-7129] Port In13[0] in module xlconcat_v2_1_5_xlconcat is either unconnected or has no load
WARNING: [Synth 8-7129] Port In14[0] in module xlconcat_v2_1_5_xlconcat is either unconnected or has no load
WARNING: [Synth 8-7129] Port In15[0] in module xlconcat_v2_1_5_xlconcat is either unconnected or has no load
WARNING: [Synth 8-7129] Port In16[0] in module xlconcat_v2_1_5_xlconcat is either unconnected or has no load
WARNING: [Synth 8-7129] Port In17[0] in module xlconcat_v2_1_5_xlconcat is either unconnected or has no load
WARNING: [Synth 8-7129] Port In18[0] in module xlconcat_v2_1_5_xlconcat is either unconnected or has no load
WARNING: [Synth 8-7129] Port In19[0] in module xlconcat_v2_1_5_xlconcat is either unconnected or has no load
WARNING: [Synth 8-7129] Port In20[0] in module xlconcat_v2_1_5_xlconcat is either unconnected or has no load
WARNING: [Synth 8-7129] Port In21[0] in module xlconcat_v2_1_5_xlconcat is either unconnected or has no load
WARNING: [Synth 8-7129] Port In22[0] in module xlconcat_v2_1_5_xlconcat is either unconnected or has no load
WARNING: [Synth 8-7129] Port In23[0] in module xlconcat_v2_1_5_xlconcat is either unconnected or has no load
WARNING: [Synth 8-7129] Port In24[0] in module xlconcat_v2_1_5_xlconcat is either unconnected or has no load
WARNING: [Synth 8-7129] Port In25[0] in module xlconcat_v2_1_5_xlconcat is either unconnected or has no load
WARNING: [Synth 8-7129] Port In26[0] in module xlconcat_v2_1_5_xlconcat is either unconnected or has no load
WARNING: [Synth 8-7129] Port In27[0] in module xlconcat_v2_1_5_xlconcat is either unconnected or has no load
WARNING: [Synth 8-7129] Port In28[0] in module xlconcat_v2_1_5_xlconcat is either unconnected or has no load
WARNING: [Synth 8-7129] Port In29[0] in module xlconcat_v2_1_5_xlconcat is either unconnected or has no load
WARNING: [Synth 8-7129] Port In30[0] in module xlconcat_v2_1_5_xlconcat is either unconnected or has no load
WARNING: [Synth 8-7129] Port In31[0] in module xlconcat_v2_1_5_xlconcat is either unconnected or has no load
WARNING: [Synth 8-7129] Port In32[0] in module xlconcat_v2_1_5_xlconcat is either unconnected or has no load
WARNING: [Synth 8-7129] Port In33[0] in module xlconcat_v2_1_5_xlconcat is either unconnected or has no load
WARNING: [Synth 8-7129] Port In34[0] in module xlconcat_v2_1_5_xlconcat is either unconnected or has no load
WARNING: [Synth 8-7129] Port In35[0] in module xlconcat_v2_1_5_xlconcat is either unconnected or has no load
WARNING: [Synth 8-7129] Port In36[0] in module xlconcat_v2_1_5_xlconcat is either unconnected or has no load
WARNING: [Synth 8-7129] Port In37[0] in module xlconcat_v2_1_5_xlconcat is either unconnected or has no load
WARNING: [Synth 8-7129] Port In38[0] in module xlconcat_v2_1_5_xlconcat is either unconnected or has no load
WARNING: [Synth 8-7129] Port In39[0] in module xlconcat_v2_1_5_xlconcat is either unconnected or has no load
WARNING: [Synth 8-7129] Port In40[0] in module xlconcat_v2_1_5_xlconcat is either unconnected or has no load
WARNING: [Synth 8-7129] Port In41[0] in module xlconcat_v2_1_5_xlconcat is either unconnected or has no load
WARNING: [Synth 8-7129] Port In42[0] in module xlconcat_v2_1_5_xlconcat is either unconnected or has no load
WARNING: [Synth 8-7129] Port In43[0] in module xlconcat_v2_1_5_xlconcat is either unconnected or has no load
WARNING: [Synth 8-7129] Port In44[0] in module xlconcat_v2_1_5_xlconcat is either unconnected or has no load
WARNING: [Synth 8-7129] Port In45[0] in module xlconcat_v2_1_5_xlconcat is either unconnected or has no load
WARNING: [Synth 8-7129] Port In46[0] in module xlconcat_v2_1_5_xlconcat is either unconnected or has no load
WARNING: [Synth 8-7129] Port In47[0] in module xlconcat_v2_1_5_xlconcat is either unconnected or has no load
WARNING: [Synth 8-7129] Port In48[0] in module xlconcat_v2_1_5_xlconcat is either unconnected or has no load
WARNING: [Synth 8-7129] Port In49[0] in module xlconcat_v2_1_5_xlconcat is either unconnected or has no load
WARNING: [Synth 8-7129] Port In50[0] in module xlconcat_v2_1_5_xlconcat is either unconnected or has no load
WARNING: [Synth 8-7129] Port In51[0] in module xlconcat_v2_1_5_xlconcat is either unconnected or has no load
WARNING: [Synth 8-7129] Port In52[0] in module xlconcat_v2_1_5_xlconcat is either unconnected or has no load
WARNING: [Synth 8-7129] Port In53[0] in module xlconcat_v2_1_5_xlconcat is either unconnected or has no load
WARNING: [Synth 8-7129] Port In54[0] in module xlconcat_v2_1_5_xlconcat is either unconnected or has no load
WARNING: [Synth 8-7129] Port In55[0] in module xlconcat_v2_1_5_xlconcat is either unconnected or has no load
WARNING: [Synth 8-7129] Port In56[0] in module xlconcat_v2_1_5_xlconcat is either unconnected or has no load
WARNING: [Synth 8-7129] Port In57[0] in module xlconcat_v2_1_5_xlconcat is either unconnected or has no load
WARNING: [Synth 8-7129] Port In58[0] in module xlconcat_v2_1_5_xlconcat is either unconnected or has no load
WARNING: [Synth 8-7129] Port In59[0] in module xlconcat_v2_1_5_xlconcat is either unconnected or has no load
WARNING: [Synth 8-7129] Port In60[0] in module xlconcat_v2_1_5_xlconcat is either unconnected or has no load
WARNING: [Synth 8-7129] Port In61[0] in module xlconcat_v2_1_5_xlconcat is either unconnected or has no load
WARNING: [Synth 8-7129] Port In62[0] in module xlconcat_v2_1_5_xlconcat is either unconnected or has no load
WARNING: [Synth 8-7129] Port In63[0] in module xlconcat_v2_1_5_xlconcat is either unconnected or has no load
WARNING: [Synth 8-7129] Port In64[0] in module xlconcat_v2_1_5_xlconcat is either unconnected or has no load
WARNING: [Synth 8-7129] Port In65[0] in module xlconcat_v2_1_5_xlconcat is either unconnected or has no load
WARNING: [Synth 8-7129] Port In66[0] in module xlconcat_v2_1_5_xlconcat is either unconnected or has no load
WARNING: [Synth 8-7129] Port In67[0] in module xlconcat_v2_1_5_xlconcat is either unconnected or has no load
WARNING: [Synth 8-7129] Port In68[0] in module xlconcat_v2_1_5_xlconcat is either unconnected or has no load
WARNING: [Synth 8-7129] Port In69[0] in module xlconcat_v2_1_5_xlconcat is either unconnected or has no load
WARNING: [Synth 8-7129] Port In70[0] in module xlconcat_v2_1_5_xlconcat is either unconnected or has no load
WARNING: [Synth 8-7129] Port In71[0] in module xlconcat_v2_1_5_xlconcat is either unconnected or has no load
WARNING: [Synth 8-7129] Port In72[0] in module xlconcat_v2_1_5_xlconcat is either unconnected or has no load
WARNING: [Synth 8-7129] Port In73[0] in module xlconcat_v2_1_5_xlconcat is either unconnected or has no load
WARNING: [Synth 8-7129] Port In74[0] in module xlconcat_v2_1_5_xlconcat is either unconnected or has no load
WARNING: [Synth 8-7129] Port In75[0] in module xlconcat_v2_1_5_xlconcat is either unconnected or has no load
WARNING: [Synth 8-7129] Port In76[0] in module xlconcat_v2_1_5_xlconcat is either unconnected or has no load
WARNING: [Synth 8-7129] Port In77[0] in module xlconcat_v2_1_5_xlconcat is either unconnected or has no load
WARNING: [Synth 8-7129] Port In78[0] in module xlconcat_v2_1_5_xlconcat is either unconnected or has no load
WARNING: [Synth 8-7129] Port In79[0] in module xlconcat_v2_1_5_xlconcat is either unconnected or has no load
WARNING: [Synth 8-7129] Port In80[0] in module xlconcat_v2_1_5_xlconcat is either unconnected or has no load
WARNING: [Synth 8-7129] Port In81[0] in module xlconcat_v2_1_5_xlconcat is either unconnected or has no load
WARNING: [Synth 8-7129] Port In82[0] in module xlconcat_v2_1_5_xlconcat is either unconnected or has no load
WARNING: [Synth 8-7129] Port In83[0] in module xlconcat_v2_1_5_xlconcat is either unconnected or has no load
WARNING: [Synth 8-7129] Port In84[0] in module xlconcat_v2_1_5_xlconcat is either unconnected or has no load
WARNING: [Synth 8-7129] Port In85[0] in module xlconcat_v2_1_5_xlconcat is either unconnected or has no load
WARNING: [Synth 8-7129] Port In86[0] in module xlconcat_v2_1_5_xlconcat is either unconnected or has no load
WARNING: [Synth 8-7129] Port In87[0] in module xlconcat_v2_1_5_xlconcat is either unconnected or has no load
WARNING: [Synth 8-7129] Port In88[0] in module xlconcat_v2_1_5_xlconcat is either unconnected or has no load
WARNING: [Synth 8-7129] Port In89[0] in module xlconcat_v2_1_5_xlconcat is either unconnected or has no load
WARNING: [Synth 8-7129] Port In90[0] in module xlconcat_v2_1_5_xlconcat is either unconnected or has no load
WARNING: [Synth 8-7129] Port In91[0] in module xlconcat_v2_1_5_xlconcat is either unconnected or has no load
WARNING: [Synth 8-7129] Port In92[0] in module xlconcat_v2_1_5_xlconcat is either unconnected or has no load
WARNING: [Synth 8-7129] Port In93[0] in module xlconcat_v2_1_5_xlconcat is either unconnected or has no load
WARNING: [Synth 8-7129] Port In94[0] in module xlconcat_v2_1_5_xlconcat is either unconnected or has no load
WARNING: [Synth 8-7129] Port In95[0] in module xlconcat_v2_1_5_xlconcat is either unconnected or has no load
WARNING: [Synth 8-7129] Port In96[0] in module xlconcat_v2_1_5_xlconcat is either unconnected or has no load
WARNING: [Synth 8-7129] Port In97[0] in module xlconcat_v2_1_5_xlconcat is either unconnected or has no load
WARNING: [Synth 8-7129] Port In98[0] in module xlconcat_v2_1_5_xlconcat is either unconnected or has no load
WARNING: [Synth 8-7129] Port In99[0] in module xlconcat_v2_1_5_xlconcat is either unconnected or has no load
WARNING: [Synth 8-7129] Port In100[0] in module xlconcat_v2_1_5_xlconcat is either unconnected or has no load
WARNING: [Synth 8-7129] Port In101[0] in module xlconcat_v2_1_5_xlconcat is either unconnected or has no load
INFO: [Common 17-14] Message 'Synth 8-7129' appears 100 times and further instances of the messages will be disabled. Use the Tcl command set_msg_config to change the current settings.
---------------------------------------------------------------------------------
Finished RTL Elaboration : Time (s): cpu = 00:00:07 ; elapsed = 00:00:08 . Memory (MB): peak = 1534.043 ; gain = 564.391
---------------------------------------------------------------------------------
---------------------------------------------------------------------------------
Start Handling Custom Attributes
---------------------------------------------------------------------------------
---------------------------------------------------------------------------------
Finished Handling Custom Attributes : Time (s): cpu = 00:00:07 ; elapsed = 00:00:08 . Memory (MB): peak = 1534.043 ; gain = 564.391
---------------------------------------------------------------------------------
---------------------------------------------------------------------------------
Finished RTL Optimization Phase 1 : Time (s): cpu = 00:00:07 ; elapsed = 00:00:08 . Memory (MB): peak = 1534.043 ; gain = 564.391
---------------------------------------------------------------------------------
Netlist sorting complete. Time (s): cpu = 00:00:00 ; elapsed = 00:00:00.042 . Memory (MB): peak = 1534.043 ; gain = 0.000
INFO: [Netlist 29-17] Analyzing 4 Unisim elements for replacement
INFO: [Netlist 29-28] Unisim Transformation completed in 0 CPU seconds
INFO: [Project 1-570] Preparing netlist for logic optimization

Processing XDC Constraints
Initializing timing engine
Parsing XDC File [c:/UNI/Y4S1/P4P/p4p-2024-group57/Implementation_Test/VivadoProjects/MyNewProject/MyNewProject.gen/sources_1/bd/PmodIPs/ip/PmodIPs_microblaze_0_0/PmodIPs_microblaze_0_0/PmodIPs_microblaze_0_0_in_context.xdc] for cell 'PmodIPs_i/microblaze_0'
Finished Parsing XDC File [c:/UNI/Y4S1/P4P/p4p-2024-group57/Implementation_Test/VivadoProjects/MyNewProject/MyNewProject.gen/sources_1/bd/PmodIPs/ip/PmodIPs_microblaze_0_0/PmodIPs_microblaze_0_0/PmodIPs_microblaze_0_0_in_context.xdc] for cell 'PmodIPs_i/microblaze_0'
Parsing XDC File [c:/UNI/Y4S1/P4P/p4p-2024-group57/Implementation_Test/VivadoProjects/MyNewProject/MyNewProject.gen/sources_1/bd/PmodIPs/ip/PmodIPs_dlmb_v10_0/PmodIPs_dlmb_v10_0/PmodIPs_ilmb_v10_0_in_context.xdc] for cell 'PmodIPs_i/microblaze_0_local_memory/dlmb_v10'
Finished Parsing XDC File [c:/UNI/Y4S1/P4P/p4p-2024-group57/Implementation_Test/VivadoProjects/MyNewProject/MyNewProject.gen/sources_1/bd/PmodIPs/ip/PmodIPs_dlmb_v10_0/PmodIPs_dlmb_v10_0/PmodIPs_ilmb_v10_0_in_context.xdc] for cell 'PmodIPs_i/microblaze_0_local_memory/dlmb_v10'
Parsing XDC File [c:/UNI/Y4S1/P4P/p4p-2024-group57/Implementation_Test/VivadoProjects/MyNewProject/MyNewProject.gen/sources_1/bd/PmodIPs/ip/PmodIPs_ilmb_v10_0/PmodIPs_ilmb_v10_0/PmodIPs_ilmb_v10_0_in_context.xdc] for cell 'PmodIPs_i/microblaze_0_local_memory/ilmb_v10'
Finished Parsing XDC File [c:/UNI/Y4S1/P4P/p4p-2024-group57/Implementation_Test/VivadoProjects/MyNewProject/MyNewProject.gen/sources_1/bd/PmodIPs/ip/PmodIPs_ilmb_v10_0/PmodIPs_ilmb_v10_0/PmodIPs_ilmb_v10_0_in_context.xdc] for cell 'PmodIPs_i/microblaze_0_local_memory/ilmb_v10'
Parsing XDC File [c:/UNI/Y4S1/P4P/p4p-2024-group57/Implementation_Test/VivadoProjects/MyNewProject/MyNewProject.gen/sources_1/bd/PmodIPs/ip/PmodIPs_dlmb_bram_if_cntlr_0/PmodIPs_dlmb_bram_if_cntlr_0/PmodIPs_dlmb_bram_if_cntlr_0_in_context.xdc] for cell 'PmodIPs_i/microblaze_0_local_memory/dlmb_bram_if_cntlr'
Finished Parsing XDC File [c:/UNI/Y4S1/P4P/p4p-2024-group57/Implementation_Test/VivadoProjects/MyNewProject/MyNewProject.gen/sources_1/bd/PmodIPs/ip/PmodIPs_dlmb_bram_if_cntlr_0/PmodIPs_dlmb_bram_if_cntlr_0/PmodIPs_dlmb_bram_if_cntlr_0_in_context.xdc] for cell 'PmodIPs_i/microblaze_0_local_memory/dlmb_bram_if_cntlr'
Parsing XDC File [c:/UNI/Y4S1/P4P/p4p-2024-group57/Implementation_Test/VivadoProjects/MyNewProject/MyNewProject.gen/sources_1/bd/PmodIPs/ip/PmodIPs_ilmb_bram_if_cntlr_0/PmodIPs_ilmb_bram_if_cntlr_0/PmodIPs_ilmb_bram_if_cntlr_0_in_context.xdc] for cell 'PmodIPs_i/microblaze_0_local_memory/ilmb_bram_if_cntlr'
Finished Parsing XDC File [c:/UNI/Y4S1/P4P/p4p-2024-group57/Implementation_Test/VivadoProjects/MyNewProject/MyNewProject.gen/sources_1/bd/PmodIPs/ip/PmodIPs_ilmb_bram_if_cntlr_0/PmodIPs_ilmb_bram_if_cntlr_0/PmodIPs_ilmb_bram_if_cntlr_0_in_context.xdc] for cell 'PmodIPs_i/microblaze_0_local_memory/ilmb_bram_if_cntlr'
Parsing XDC File [c:/UNI/Y4S1/P4P/p4p-2024-group57/Implementation_Test/VivadoProjects/MyNewProject/MyNewProject.gen/sources_1/bd/PmodIPs/ip/PmodIPs_lmb_bram_0/PmodIPs_lmb_bram_0/PmodIPs_lmb_bram_0_in_context.xdc] for cell 'PmodIPs_i/microblaze_0_local_memory/lmb_bram'
Finished Parsing XDC File [c:/UNI/Y4S1/P4P/p4p-2024-group57/Implementation_Test/VivadoProjects/MyNewProject/MyNewProject.gen/sources_1/bd/PmodIPs/ip/PmodIPs_lmb_bram_0/PmodIPs_lmb_bram_0/PmodIPs_lmb_bram_0_in_context.xdc] for cell 'PmodIPs_i/microblaze_0_local_memory/lmb_bram'
Parsing XDC File [c:/UNI/Y4S1/P4P/p4p-2024-group57/Implementation_Test/VivadoProjects/MyNewProject/MyNewProject.gen/sources_1/bd/PmodIPs/ip/PmodIPs_xbar_0/PmodIPs_xbar_0/PmodIPs_xbar_0_in_context.xdc] for cell 'PmodIPs_i/microblaze_0_axi_periph/xbar'
Finished Parsing XDC File [c:/UNI/Y4S1/P4P/p4p-2024-group57/Implementation_Test/VivadoProjects/MyNewProject/MyNewProject.gen/sources_1/bd/PmodIPs/ip/PmodIPs_xbar_0/PmodIPs_xbar_0/PmodIPs_xbar_0_in_context.xdc] for cell 'PmodIPs_i/microblaze_0_axi_periph/xbar'
Parsing XDC File [c:/UNI/Y4S1/P4P/p4p-2024-group57/Implementation_Test/VivadoProjects/MyNewProject/MyNewProject.gen/sources_1/bd/PmodIPs/ip/PmodIPs_microblaze_0_axi_intc_0/PmodIPs_microblaze_0_axi_intc_0/PmodIPs_microblaze_0_axi_intc_0_in_context.xdc] for cell 'PmodIPs_i/microblaze_0_axi_intc'
Finished Parsing XDC File [c:/UNI/Y4S1/P4P/p4p-2024-group57/Implementation_Test/VivadoProjects/MyNewProject/MyNewProject.gen/sources_1/bd/PmodIPs/ip/PmodIPs_microblaze_0_axi_intc_0/PmodIPs_microblaze_0_axi_intc_0/PmodIPs_microblaze_0_axi_intc_0_in_context.xdc] for cell 'PmodIPs_i/microblaze_0_axi_intc'
Parsing XDC File [c:/UNI/Y4S1/P4P/p4p-2024-group57/Implementation_Test/VivadoProjects/MyNewProject/MyNewProject.gen/sources_1/bd/PmodIPs/ip/PmodIPs_mdm_1_0/PmodIPs_mdm_1_0/PmodIPs_mdm_1_0_in_context.xdc] for cell 'PmodIPs_i/mdm_1'
Finished Parsing XDC File [c:/UNI/Y4S1/P4P/p4p-2024-group57/Implementation_Test/VivadoProjects/MyNewProject/MyNewProject.gen/sources_1/bd/PmodIPs/ip/PmodIPs_mdm_1_0/PmodIPs_mdm_1_0/PmodIPs_mdm_1_0_in_context.xdc] for cell 'PmodIPs_i/mdm_1'
Parsing XDC File [c:/UNI/Y4S1/P4P/p4p-2024-group57/Implementation_Test/VivadoProjects/MyNewProject/MyNewProject.gen/sources_1/bd/PmodIPs/ip/PmodIPs_rst_clk_wiz_0_100M_0/PmodIPs_rst_clk_wiz_0_100M_0/PmodIPs_rst_clk_wiz_0_100M_0_in_context.xdc] for cell 'PmodIPs_i/rst_clk_wiz_0_100M'
Finished Parsing XDC File [c:/UNI/Y4S1/P4P/p4p-2024-group57/Implementation_Test/VivadoProjects/MyNewProject/MyNewProject.gen/sources_1/bd/PmodIPs/ip/PmodIPs_rst_clk_wiz_0_100M_0/PmodIPs_rst_clk_wiz_0_100M_0/PmodIPs_rst_clk_wiz_0_100M_0_in_context.xdc] for cell 'PmodIPs_i/rst_clk_wiz_0_100M'
Parsing XDC File [c:/UNI/Y4S1/P4P/p4p-2024-group57/Implementation_Test/VivadoProjects/MyNewProject/MyNewProject.gen/sources_1/bd/PmodIPs/ip/PmodIPs_axi_smc_0/PmodIPs_axi_smc_0/PmodIPs_axi_smc_0_in_context.xdc] for cell 'PmodIPs_i/axi_smc'
Finished Parsing XDC File [c:/UNI/Y4S1/P4P/p4p-2024-group57/Implementation_Test/VivadoProjects/MyNewProject/MyNewProject.gen/sources_1/bd/PmodIPs/ip/PmodIPs_axi_smc_0/PmodIPs_axi_smc_0/PmodIPs_axi_smc_0_in_context.xdc] for cell 'PmodIPs_i/axi_smc'
Parsing XDC File [c:/UNI/Y4S1/P4P/p4p-2024-group57/Implementation_Test/VivadoProjects/MyNewProject/MyNewProject.gen/sources_1/bd/PmodIPs/ip/PmodIPs_rst_mig_7series_0_81M_0/PmodIPs_rst_mig_7series_0_81M_0/PmodIPs_rst_mig_7series_0_81M_0_in_context.xdc] for cell 'PmodIPs_i/rst_mig_7series_0_81M'
Finished Parsing XDC File [c:/UNI/Y4S1/P4P/p4p-2024-group57/Implementation_Test/VivadoProjects/MyNewProject/MyNewProject.gen/sources_1/bd/PmodIPs/ip/PmodIPs_rst_mig_7series_0_81M_0/PmodIPs_rst_mig_7series_0_81M_0/PmodIPs_rst_mig_7series_0_81M_0_in_context.xdc] for cell 'PmodIPs_i/rst_mig_7series_0_81M'
Parsing XDC File [c:/UNI/Y4S1/P4P/p4p-2024-group57/Implementation_Test/VivadoProjects/MyNewProject/MyNewProject.gen/sources_1/bd/PmodIPs/ip/PmodIPs_axi_gpio_0_3/PmodIPs_axi_gpio_0_3/PmodIPs_axi_gpio_0_3_in_context.xdc] for cell 'PmodIPs_i/AXI_GPIO_LED'
Finished Parsing XDC File [c:/UNI/Y4S1/P4P/p4p-2024-group57/Implementation_Test/VivadoProjects/MyNewProject/MyNewProject.gen/sources_1/bd/PmodIPs/ip/PmodIPs_axi_gpio_0_3/PmodIPs_axi_gpio_0_3/PmodIPs_axi_gpio_0_3_in_context.xdc] for cell 'PmodIPs_i/AXI_GPIO_LED'
Parsing XDC File [c:/UNI/Y4S1/P4P/p4p-2024-group57/Implementation_Test/VivadoProjects/MyNewProject/MyNewProject.gen/sources_1/bd/PmodIPs/ip/PmodIPs_axi_gpio_0_6/PmodIPs_axi_gpio_0_6/PmodIPs_axi_gpio_0_6_in_context.xdc] for cell 'PmodIPs_i/AXI_GPIO_RGB_LED'
Finished Parsing XDC File [c:/UNI/Y4S1/P4P/p4p-2024-group57/Implementation_Test/VivadoProjects/MyNewProject/MyNewProject.gen/sources_1/bd/PmodIPs/ip/PmodIPs_axi_gpio_0_6/PmodIPs_axi_gpio_0_6/PmodIPs_axi_gpio_0_6_in_context.xdc] for cell 'PmodIPs_i/AXI_GPIO_RGB_LED'
Parsing XDC File [c:/UNI/Y4S1/P4P/p4p-2024-group57/Implementation_Test/VivadoProjects/MyNewProject/MyNewProject.gen/sources_1/bd/PmodIPs/ip/PmodIPs_axi_uartlite_0_0/PmodIPs_axi_uartlite_0_0/PmodIPs_axi_uartlite_0_0_in_context.xdc] for cell 'PmodIPs_i/AXI_UARTLITE'
Finished Parsing XDC File [c:/UNI/Y4S1/P4P/p4p-2024-group57/Implementation_Test/VivadoProjects/MyNewProject/MyNewProject.gen/sources_1/bd/PmodIPs/ip/PmodIPs_axi_uartlite_0_0/PmodIPs_axi_uartlite_0_0/PmodIPs_axi_uartlite_0_0_in_context.xdc] for cell 'PmodIPs_i/AXI_UARTLITE'
Parsing XDC File [c:/UNI/Y4S1/P4P/p4p-2024-group57/Implementation_Test/VivadoProjects/MyNewProject/MyNewProject.gen/sources_1/bd/PmodIPs/ip/PmodIPs_mig_7series_0_0/PmodIPs_mig_7series_0_0/PmodIPs_mig_7series_0_0_in_context.xdc] for cell 'PmodIPs_i/mig_7series_0'
Finished Parsing XDC File [c:/UNI/Y4S1/P4P/p4p-2024-group57/Implementation_Test/VivadoProjects/MyNewProject/MyNewProject.gen/sources_1/bd/PmodIPs/ip/PmodIPs_mig_7series_0_0/PmodIPs_mig_7series_0_0/PmodIPs_mig_7series_0_0_in_context.xdc] for cell 'PmodIPs_i/mig_7series_0'
Parsing XDC File [c:/UNI/Y4S1/P4P/p4p-2024-group57/Implementation_Test/VivadoProjects/MyNewProject/MyNewProject.gen/sources_1/bd/PmodIPs/ip/PmodIPs_clk_wiz_0_0/PmodIPs_clk_wiz_0_0/PmodIPs_clk_wiz_0_0_in_context.xdc] for cell 'PmodIPs_i/clk_wiz_0'
Finished Parsing XDC File [c:/UNI/Y4S1/P4P/p4p-2024-group57/Implementation_Test/VivadoProjects/MyNewProject/MyNewProject.gen/sources_1/bd/PmodIPs/ip/PmodIPs_clk_wiz_0_0/PmodIPs_clk_wiz_0_0/PmodIPs_clk_wiz_0_0_in_context.xdc] for cell 'PmodIPs_i/clk_wiz_0'
Parsing XDC File [c:/UNI/Y4S1/P4P/p4p-2024-group57/Implementation_Test/VivadoProjects/MyNewProject/MyNewProject.gen/sources_1/bd/PmodIPs/ip/PmodIPs_axi_gpio_0_8/PmodIPs_axi_gpio_0_8/PmodIPs_axi_gpio_0_8_in_context.xdc] for cell 'PmodIPs_i/axi_gpio_button'
Finished Parsing XDC File [c:/UNI/Y4S1/P4P/p4p-2024-group57/Implementation_Test/VivadoProjects/MyNewProject/MyNewProject.gen/sources_1/bd/PmodIPs/ip/PmodIPs_axi_gpio_0_8/PmodIPs_axi_gpio_0_8/PmodIPs_axi_gpio_0_8_in_context.xdc] for cell 'PmodIPs_i/axi_gpio_button'
Parsing XDC File [c:/UNI/Y4S1/P4P/p4p-2024-group57/Implementation_Test/VivadoProjects/MyNewProject/MyNewProject.gen/sources_1/bd/PmodIPs/ip/PmodIPs_ClockDivider_0_0/PmodIPs_ClockDivider_0_0/PmodIPs_ClockDivider_0_0_in_context.xdc] for cell 'PmodIPs_i/ClockDivider_0'
Finished Parsing XDC File [c:/UNI/Y4S1/P4P/p4p-2024-group57/Implementation_Test/VivadoProjects/MyNewProject/MyNewProject.gen/sources_1/bd/PmodIPs/ip/PmodIPs_ClockDivider_0_0/PmodIPs_ClockDivider_0_0/PmodIPs_ClockDivider_0_0_in_context.xdc] for cell 'PmodIPs_i/ClockDivider_0'
Parsing XDC File [C:/UNI/Y4S1/P4P/p4p-2024-group57/Implementation_Test/VivadoProjects/MyNewProject/MyNewProject.srcs/constrs_1/imports/digilent-xdc-master/Arty-A7-100-Master.xdc]
Finished Parsing XDC File [C:/UNI/Y4S1/P4P/p4p-2024-group57/Implementation_Test/VivadoProjects/MyNewProject/MyNewProject.srcs/constrs_1/imports/digilent-xdc-master/Arty-A7-100-Master.xdc]
INFO: [Project 1-236] Implementation specific constraints were found while reading constraint file [C:/UNI/Y4S1/P4P/p4p-2024-group57/Implementation_Test/VivadoProjects/MyNewProject/MyNewProject.srcs/constrs_1/imports/digilent-xdc-master/Arty-A7-100-Master.xdc]. These constraints will be ignored for synthesis but will be used in implementation. Impacted constraints are listed in the file [.Xil/PmodIPs_wrapper_propImpl.xdc].
Resolution: To avoid this warning, move constraints listed in [.Xil/PmodIPs_wrapper_propImpl.xdc] to another XDC file and exclude this new file from synthesis with the used_in_synthesis property (File Properties dialog in GUI) and re-run elaboration/synthesis.
Parsing XDC File [C:/UNI/Y4S1/P4P/p4p-2024-group57/Implementation_Test/VivadoProjects/MyNewProject/MyNewProject.runs/synth_1/dont_touch.xdc]
Finished Parsing XDC File [C:/UNI/Y4S1/P4P/p4p-2024-group57/Implementation_Test/VivadoProjects/MyNewProject/MyNewProject.runs/synth_1/dont_touch.xdc]
Completed Processing XDC Constraints

Netlist sorting complete. Time (s): cpu = 00:00:00 ; elapsed = 00:00:00.001 . Memory (MB): peak = 1534.043 ; gain = 0.000
INFO: [Project 1-111] Unisim Transformation Summary:
  A total of 4 instances were transformed.
  IOBUF => IOBUF (IBUF, OBUFT): 4 instances

The system cannot find the path specified.
Constraint Validation Runtime : Time (s): cpu = 00:00:00 ; elapsed = 00:00:00.010 . Memory (MB): peak = 1534.043 ; gain = 0.000
WARNING: [Timing 38-316] Clock period '20.000' specified during out-of-context synthesis of instance 'PmodIPs_i/microblaze_0_local_memory/lmb_bram' at clock pin 'clka' is different from the actual clock period '9.998', this can lead to different synthesis results.
INFO: [Designutils 20-5440] No compile time benefit to using incremental synthesis; A full resynthesis will be run
INFO: [Designutils 20-4379] Flow is switching to default flow due to incremental criteria not met. If you would like to alter this behaviour and have the flow terminate instead, please set the following parameter config_implementation {autoIncr.Synth.RejectBehavior Terminate}
---------------------------------------------------------------------------------
Finished Constraint Validation : Time (s): cpu = 00:00:14 ; elapsed = 00:00:17 . Memory (MB): peak = 1534.043 ; gain = 564.391
---------------------------------------------------------------------------------
---------------------------------------------------------------------------------
Start Loading Part and Timing Information
---------------------------------------------------------------------------------
Loading part: xc7a100tcsg324-1
---------------------------------------------------------------------------------
Finished Loading Part and Timing Information : Time (s): cpu = 00:00:14 ; elapsed = 00:00:17 . Memory (MB): peak = 1534.043 ; gain = 564.391
---------------------------------------------------------------------------------
---------------------------------------------------------------------------------
Start Applying 'set_property' XDC Constraints
---------------------------------------------------------------------------------
Applied set_property IO_BUFFER_TYPE = NONE for ddr3_sdram_addr[0]. (constraint file  c:/UNI/Y4S1/P4P/p4p-2024-group57/Implementation_Test/VivadoProjects/MyNewProject/MyNewProject.gen/sources_1/bd/PmodIPs/ip/PmodIPs_mig_7series_0_0/PmodIPs_mig_7series_0_0/PmodIPs_mig_7series_0_0_in_context.xdc, line 8).
Applied set_property CLOCK_BUFFER_TYPE = NONE for ddr3_sdram_addr[0]. (constraint file  c:/UNI/Y4S1/P4P/p4p-2024-group57/Implementation_Test/VivadoProjects/MyNewProject/MyNewProject.gen/sources_1/bd/PmodIPs/ip/PmodIPs_mig_7series_0_0/PmodIPs_mig_7series_0_0/PmodIPs_mig_7series_0_0_in_context.xdc, line 9).
Applied set_property IO_BUFFER_TYPE = NONE for ddr3_sdram_addr[10]. (constraint file  c:/UNI/Y4S1/P4P/p4p-2024-group57/Implementation_Test/VivadoProjects/MyNewProject/MyNewProject.gen/sources_1/bd/PmodIPs/ip/PmodIPs_mig_7series_0_0/PmodIPs_mig_7series_0_0/PmodIPs_mig_7series_0_0_in_context.xdc, line 10).
Applied set_property CLOCK_BUFFER_TYPE = NONE for ddr3_sdram_addr[10]. (constraint file  c:/UNI/Y4S1/P4P/p4p-2024-group57/Implementation_Test/VivadoProjects/MyNewProject/MyNewProject.gen/sources_1/bd/PmodIPs/ip/PmodIPs_mig_7series_0_0/PmodIPs_mig_7series_0_0/PmodIPs_mig_7series_0_0_in_context.xdc, line 11).
Applied set_property IO_BUFFER_TYPE = NONE for ddr3_sdram_addr[11]. (constraint file  c:/UNI/Y4S1/P4P/p4p-2024-group57/Implementation_Test/VivadoProjects/MyNewProject/MyNewProject.gen/sources_1/bd/PmodIPs/ip/PmodIPs_mig_7series_0_0/PmodIPs_mig_7series_0_0/PmodIPs_mig_7series_0_0_in_context.xdc, line 12).
Applied set_property CLOCK_BUFFER_TYPE = NONE for ddr3_sdram_addr[11]. (constraint file  c:/UNI/Y4S1/P4P/p4p-2024-group57/Implementation_Test/VivadoProjects/MyNewProject/MyNewProject.gen/sources_1/bd/PmodIPs/ip/PmodIPs_mig_7series_0_0/PmodIPs_mig_7series_0_0/PmodIPs_mig_7series_0_0_in_context.xdc, line 13).
Applied set_property IO_BUFFER_TYPE = NONE for ddr3_sdram_addr[12]. (constraint file  c:/UNI/Y4S1/P4P/p4p-2024-group57/Implementation_Test/VivadoProjects/MyNewProject/MyNewProject.gen/sources_1/bd/PmodIPs/ip/PmodIPs_mig_7series_0_0/PmodIPs_mig_7series_0_0/PmodIPs_mig_7series_0_0_in_context.xdc, line 14).
Applied set_property CLOCK_BUFFER_TYPE = NONE for ddr3_sdram_addr[12]. (constraint file  c:/UNI/Y4S1/P4P/p4p-2024-group57/Implementation_Test/VivadoProjects/MyNewProject/MyNewProject.gen/sources_1/bd/PmodIPs/ip/PmodIPs_mig_7series_0_0/PmodIPs_mig_7series_0_0/PmodIPs_mig_7series_0_0_in_context.xdc, line 15).
Applied set_property IO_BUFFER_TYPE = NONE for ddr3_sdram_addr[13]. (constraint file  c:/UNI/Y4S1/P4P/p4p-2024-group57/Implementation_Test/VivadoProjects/MyNewProject/MyNewProject.gen/sources_1/bd/PmodIPs/ip/PmodIPs_mig_7series_0_0/PmodIPs_mig_7series_0_0/PmodIPs_mig_7series_0_0_in_context.xdc, line 16).
Applied set_property CLOCK_BUFFER_TYPE = NONE for ddr3_sdram_addr[13]. (constraint file  c:/UNI/Y4S1/P4P/p4p-2024-group57/Implementation_Test/VivadoProjects/MyNewProject/MyNewProject.gen/sources_1/bd/PmodIPs/ip/PmodIPs_mig_7series_0_0/PmodIPs_mig_7series_0_0/PmodIPs_mig_7series_0_0_in_context.xdc, line 17).
Applied set_property IO_BUFFER_TYPE = NONE for ddr3_sdram_addr[1]. (constraint file  c:/UNI/Y4S1/P4P/p4p-2024-group57/Implementation_Test/VivadoProjects/MyNewProject/MyNewProject.gen/sources_1/bd/PmodIPs/ip/PmodIPs_mig_7series_0_0/PmodIPs_mig_7series_0_0/PmodIPs_mig_7series_0_0_in_context.xdc, line 18).
Applied set_property CLOCK_BUFFER_TYPE = NONE for ddr3_sdram_addr[1]. (constraint file  c:/UNI/Y4S1/P4P/p4p-2024-group57/Implementation_Test/VivadoProjects/MyNewProject/MyNewProject.gen/sources_1/bd/PmodIPs/ip/PmodIPs_mig_7series_0_0/PmodIPs_mig_7series_0_0/PmodIPs_mig_7series_0_0_in_context.xdc, line 19).
Applied set_property IO_BUFFER_TYPE = NONE for ddr3_sdram_addr[2]. (constraint file  c:/UNI/Y4S1/P4P/p4p-2024-group57/Implementation_Test/VivadoProjects/MyNewProject/MyNewProject.gen/sources_1/bd/PmodIPs/ip/PmodIPs_mig_7series_0_0/PmodIPs_mig_7series_0_0/PmodIPs_mig_7series_0_0_in_context.xdc, line 20).
Applied set_property CLOCK_BUFFER_TYPE = NONE for ddr3_sdram_addr[2]. (constraint file  c:/UNI/Y4S1/P4P/p4p-2024-group57/Implementation_Test/VivadoProjects/MyNewProject/MyNewProject.gen/sources_1/bd/PmodIPs/ip/PmodIPs_mig_7series_0_0/PmodIPs_mig_7series_0_0/PmodIPs_mig_7series_0_0_in_context.xdc, line 21).
Applied set_property IO_BUFFER_TYPE = NONE for ddr3_sdram_addr[3]. (constraint file  c:/UNI/Y4S1/P4P/p4p-2024-group57/Implementation_Test/VivadoProjects/MyNewProject/MyNewProject.gen/sources_1/bd/PmodIPs/ip/PmodIPs_mig_7series_0_0/PmodIPs_mig_7series_0_0/PmodIPs_mig_7series_0_0_in_context.xdc, line 22).
Applied set_property CLOCK_BUFFER_TYPE = NONE for ddr3_sdram_addr[3]. (constraint file  c:/UNI/Y4S1/P4P/p4p-2024-group57/Implementation_Test/VivadoProjects/MyNewProject/MyNewProject.gen/sources_1/bd/PmodIPs/ip/PmodIPs_mig_7series_0_0/PmodIPs_mig_7series_0_0/PmodIPs_mig_7series_0_0_in_context.xdc, line 23).
Applied set_property IO_BUFFER_TYPE = NONE for ddr3_sdram_addr[4]. (constraint file  c:/UNI/Y4S1/P4P/p4p-2024-group57/Implementation_Test/VivadoProjects/MyNewProject/MyNewProject.gen/sources_1/bd/PmodIPs/ip/PmodIPs_mig_7series_0_0/PmodIPs_mig_7series_0_0/PmodIPs_mig_7series_0_0_in_context.xdc, line 24).
Applied set_property CLOCK_BUFFER_TYPE = NONE for ddr3_sdram_addr[4]. (constraint file  c:/UNI/Y4S1/P4P/p4p-2024-group57/Implementation_Test/VivadoProjects/MyNewProject/MyNewProject.gen/sources_1/bd/PmodIPs/ip/PmodIPs_mig_7series_0_0/PmodIPs_mig_7series_0_0/PmodIPs_mig_7series_0_0_in_context.xdc, line 25).
Applied set_property IO_BUFFER_TYPE = NONE for ddr3_sdram_addr[5]. (constraint file  c:/UNI/Y4S1/P4P/p4p-2024-group57/Implementation_Test/VivadoProjects/MyNewProject/MyNewProject.gen/sources_1/bd/PmodIPs/ip/PmodIPs_mig_7series_0_0/PmodIPs_mig_7series_0_0/PmodIPs_mig_7series_0_0_in_context.xdc, line 26).
Applied set_property CLOCK_BUFFER_TYPE = NONE for ddr3_sdram_addr[5]. (constraint file  c:/UNI/Y4S1/P4P/p4p-2024-group57/Implementation_Test/VivadoProjects/MyNewProject/MyNewProject.gen/sources_1/bd/PmodIPs/ip/PmodIPs_mig_7series_0_0/PmodIPs_mig_7series_0_0/PmodIPs_mig_7series_0_0_in_context.xdc, line 27).
Applied set_property IO_BUFFER_TYPE = NONE for ddr3_sdram_addr[6]. (constraint file  c:/UNI/Y4S1/P4P/p4p-2024-group57/Implementation_Test/VivadoProjects/MyNewProject/MyNewProject.gen/sources_1/bd/PmodIPs/ip/PmodIPs_mig_7series_0_0/PmodIPs_mig_7series_0_0/PmodIPs_mig_7series_0_0_in_context.xdc, line 28).
Applied set_property CLOCK_BUFFER_TYPE = NONE for ddr3_sdram_addr[6]. (constraint file  c:/UNI/Y4S1/P4P/p4p-2024-group57/Implementation_Test/VivadoProjects/MyNewProject/MyNewProject.gen/sources_1/bd/PmodIPs/ip/PmodIPs_mig_7series_0_0/PmodIPs_mig_7series_0_0/PmodIPs_mig_7series_0_0_in_context.xdc, line 29).
Applied set_property IO_BUFFER_TYPE = NONE for ddr3_sdram_addr[7]. (constraint file  c:/UNI/Y4S1/P4P/p4p-2024-group57/Implementation_Test/VivadoProjects/MyNewProject/MyNewProject.gen/sources_1/bd/PmodIPs/ip/PmodIPs_mig_7series_0_0/PmodIPs_mig_7series_0_0/PmodIPs_mig_7series_0_0_in_context.xdc, line 30).
Applied set_property CLOCK_BUFFER_TYPE = NONE for ddr3_sdram_addr[7]. (constraint file  c:/UNI/Y4S1/P4P/p4p-2024-group57/Implementation_Test/VivadoProjects/MyNewProject/MyNewProject.gen/sources_1/bd/PmodIPs/ip/PmodIPs_mig_7series_0_0/PmodIPs_mig_7series_0_0/PmodIPs_mig_7series_0_0_in_context.xdc, line 31).
Applied set_property IO_BUFFER_TYPE = NONE for ddr3_sdram_addr[8]. (constraint file  c:/UNI/Y4S1/P4P/p4p-2024-group57/Implementation_Test/VivadoProjects/MyNewProject/MyNewProject.gen/sources_1/bd/PmodIPs/ip/PmodIPs_mig_7series_0_0/PmodIPs_mig_7series_0_0/PmodIPs_mig_7series_0_0_in_context.xdc, line 32).
Applied set_property CLOCK_BUFFER_TYPE = NONE for ddr3_sdram_addr[8]. (constraint file  c:/UNI/Y4S1/P4P/p4p-2024-group57/Implementation_Test/VivadoProjects/MyNewProject/MyNewProject.gen/sources_1/bd/PmodIPs/ip/PmodIPs_mig_7series_0_0/PmodIPs_mig_7series_0_0/PmodIPs_mig_7series_0_0_in_context.xdc, line 33).
Applied set_property IO_BUFFER_TYPE = NONE for ddr3_sdram_addr[9]. (constraint file  c:/UNI/Y4S1/P4P/p4p-2024-group57/Implementation_Test/VivadoProjects/MyNewProject/MyNewProject.gen/sources_1/bd/PmodIPs/ip/PmodIPs_mig_7series_0_0/PmodIPs_mig_7series_0_0/PmodIPs_mig_7series_0_0_in_context.xdc, line 34).
Applied set_property CLOCK_BUFFER_TYPE = NONE for ddr3_sdram_addr[9]. (constraint file  c:/UNI/Y4S1/P4P/p4p-2024-group57/Implementation_Test/VivadoProjects/MyNewProject/MyNewProject.gen/sources_1/bd/PmodIPs/ip/PmodIPs_mig_7series_0_0/PmodIPs_mig_7series_0_0/PmodIPs_mig_7series_0_0_in_context.xdc, line 35).
Applied set_property IO_BUFFER_TYPE = NONE for ddr3_sdram_ba[0]. (constraint file  c:/UNI/Y4S1/P4P/p4p-2024-group57/Implementation_Test/VivadoProjects/MyNewProject/MyNewProject.gen/sources_1/bd/PmodIPs/ip/PmodIPs_mig_7series_0_0/PmodIPs_mig_7series_0_0/PmodIPs_mig_7series_0_0_in_context.xdc, line 36).
Applied set_property CLOCK_BUFFER_TYPE = NONE for ddr3_sdram_ba[0]. (constraint file  c:/UNI/Y4S1/P4P/p4p-2024-group57/Implementation_Test/VivadoProjects/MyNewProject/MyNewProject.gen/sources_1/bd/PmodIPs/ip/PmodIPs_mig_7series_0_0/PmodIPs_mig_7series_0_0/PmodIPs_mig_7series_0_0_in_context.xdc, line 37).
Applied set_property IO_BUFFER_TYPE = NONE for ddr3_sdram_ba[1]. (constraint file  c:/UNI/Y4S1/P4P/p4p-2024-group57/Implementation_Test/VivadoProjects/MyNewProject/MyNewProject.gen/sources_1/bd/PmodIPs/ip/PmodIPs_mig_7series_0_0/PmodIPs_mig_7series_0_0/PmodIPs_mig_7series_0_0_in_context.xdc, line 38).
Applied set_property CLOCK_BUFFER_TYPE = NONE for ddr3_sdram_ba[1]. (constraint file  c:/UNI/Y4S1/P4P/p4p-2024-group57/Implementation_Test/VivadoProjects/MyNewProject/MyNewProject.gen/sources_1/bd/PmodIPs/ip/PmodIPs_mig_7series_0_0/PmodIPs_mig_7series_0_0/PmodIPs_mig_7series_0_0_in_context.xdc, line 39).
Applied set_property IO_BUFFER_TYPE = NONE for ddr3_sdram_ba[2]. (constraint file  c:/UNI/Y4S1/P4P/p4p-2024-group57/Implementation_Test/VivadoProjects/MyNewProject/MyNewProject.gen/sources_1/bd/PmodIPs/ip/PmodIPs_mig_7series_0_0/PmodIPs_mig_7series_0_0/PmodIPs_mig_7series_0_0_in_context.xdc, line 40).
Applied set_property CLOCK_BUFFER_TYPE = NONE for ddr3_sdram_ba[2]. (constraint file  c:/UNI/Y4S1/P4P/p4p-2024-group57/Implementation_Test/VivadoProjects/MyNewProject/MyNewProject.gen/sources_1/bd/PmodIPs/ip/PmodIPs_mig_7series_0_0/PmodIPs_mig_7series_0_0/PmodIPs_mig_7series_0_0_in_context.xdc, line 41).
Applied set_property IO_BUFFER_TYPE = NONE for ddr3_sdram_cas_n. (constraint file  c:/UNI/Y4S1/P4P/p4p-2024-group57/Implementation_Test/VivadoProjects/MyNewProject/MyNewProject.gen/sources_1/bd/PmodIPs/ip/PmodIPs_mig_7series_0_0/PmodIPs_mig_7series_0_0/PmodIPs_mig_7series_0_0_in_context.xdc, line 42).
Applied set_property CLOCK_BUFFER_TYPE = NONE for ddr3_sdram_cas_n. (constraint file  c:/UNI/Y4S1/P4P/p4p-2024-group57/Implementation_Test/VivadoProjects/MyNewProject/MyNewProject.gen/sources_1/bd/PmodIPs/ip/PmodIPs_mig_7series_0_0/PmodIPs_mig_7series_0_0/PmodIPs_mig_7series_0_0_in_context.xdc, line 43).
Applied set_property IO_BUFFER_TYPE = NONE for ddr3_sdram_ck_n[0]. (constraint file  c:/UNI/Y4S1/P4P/p4p-2024-group57/Implementation_Test/VivadoProjects/MyNewProject/MyNewProject.gen/sources_1/bd/PmodIPs/ip/PmodIPs_mig_7series_0_0/PmodIPs_mig_7series_0_0/PmodIPs_mig_7series_0_0_in_context.xdc, line 44).
Applied set_property CLOCK_BUFFER_TYPE = NONE for ddr3_sdram_ck_n[0]. (constraint file  c:/UNI/Y4S1/P4P/p4p-2024-group57/Implementation_Test/VivadoProjects/MyNewProject/MyNewProject.gen/sources_1/bd/PmodIPs/ip/PmodIPs_mig_7series_0_0/PmodIPs_mig_7series_0_0/PmodIPs_mig_7series_0_0_in_context.xdc, line 45).
Applied set_property IO_BUFFER_TYPE = NONE for ddr3_sdram_ck_p[0]. (constraint file  c:/UNI/Y4S1/P4P/p4p-2024-group57/Implementation_Test/VivadoProjects/MyNewProject/MyNewProject.gen/sources_1/bd/PmodIPs/ip/PmodIPs_mig_7series_0_0/PmodIPs_mig_7series_0_0/PmodIPs_mig_7series_0_0_in_context.xdc, line 46).
Applied set_property CLOCK_BUFFER_TYPE = NONE for ddr3_sdram_ck_p[0]. (constraint file  c:/UNI/Y4S1/P4P/p4p-2024-group57/Implementation_Test/VivadoProjects/MyNewProject/MyNewProject.gen/sources_1/bd/PmodIPs/ip/PmodIPs_mig_7series_0_0/PmodIPs_mig_7series_0_0/PmodIPs_mig_7series_0_0_in_context.xdc, line 47).
Applied set_property IO_BUFFER_TYPE = NONE for ddr3_sdram_cke[0]. (constraint file  c:/UNI/Y4S1/P4P/p4p-2024-group57/Implementation_Test/VivadoProjects/MyNewProject/MyNewProject.gen/sources_1/bd/PmodIPs/ip/PmodIPs_mig_7series_0_0/PmodIPs_mig_7series_0_0/PmodIPs_mig_7series_0_0_in_context.xdc, line 48).
Applied set_property CLOCK_BUFFER_TYPE = NONE for ddr3_sdram_cke[0]. (constraint file  c:/UNI/Y4S1/P4P/p4p-2024-group57/Implementation_Test/VivadoProjects/MyNewProject/MyNewProject.gen/sources_1/bd/PmodIPs/ip/PmodIPs_mig_7series_0_0/PmodIPs_mig_7series_0_0/PmodIPs_mig_7series_0_0_in_context.xdc, line 49).
Applied set_property IO_BUFFER_TYPE = NONE for ddr3_sdram_cs_n[0]. (constraint file  c:/UNI/Y4S1/P4P/p4p-2024-group57/Implementation_Test/VivadoProjects/MyNewProject/MyNewProject.gen/sources_1/bd/PmodIPs/ip/PmodIPs_mig_7series_0_0/PmodIPs_mig_7series_0_0/PmodIPs_mig_7series_0_0_in_context.xdc, line 50).
Applied set_property CLOCK_BUFFER_TYPE = NONE for ddr3_sdram_cs_n[0]. (constraint file  c:/UNI/Y4S1/P4P/p4p-2024-group57/Implementation_Test/VivadoProjects/MyNewProject/MyNewProject.gen/sources_1/bd/PmodIPs/ip/PmodIPs_mig_7series_0_0/PmodIPs_mig_7series_0_0/PmodIPs_mig_7series_0_0_in_context.xdc, line 51).
Applied set_property IO_BUFFER_TYPE = NONE for ddr3_sdram_dm[0]. (constraint file  c:/UNI/Y4S1/P4P/p4p-2024-group57/Implementation_Test/VivadoProjects/MyNewProject/MyNewProject.gen/sources_1/bd/PmodIPs/ip/PmodIPs_mig_7series_0_0/PmodIPs_mig_7series_0_0/PmodIPs_mig_7series_0_0_in_context.xdc, line 52).
Applied set_property CLOCK_BUFFER_TYPE = NONE for ddr3_sdram_dm[0]. (constraint file  c:/UNI/Y4S1/P4P/p4p-2024-group57/Implementation_Test/VivadoProjects/MyNewProject/MyNewProject.gen/sources_1/bd/PmodIPs/ip/PmodIPs_mig_7series_0_0/PmodIPs_mig_7series_0_0/PmodIPs_mig_7series_0_0_in_context.xdc, line 53).
Applied set_property IO_BUFFER_TYPE = NONE for ddr3_sdram_dm[1]. (constraint file  c:/UNI/Y4S1/P4P/p4p-2024-group57/Implementation_Test/VivadoProjects/MyNewProject/MyNewProject.gen/sources_1/bd/PmodIPs/ip/PmodIPs_mig_7series_0_0/PmodIPs_mig_7series_0_0/PmodIPs_mig_7series_0_0_in_context.xdc, line 54).
Applied set_property CLOCK_BUFFER_TYPE = NONE for ddr3_sdram_dm[1]. (constraint file  c:/UNI/Y4S1/P4P/p4p-2024-group57/Implementation_Test/VivadoProjects/MyNewProject/MyNewProject.gen/sources_1/bd/PmodIPs/ip/PmodIPs_mig_7series_0_0/PmodIPs_mig_7series_0_0/PmodIPs_mig_7series_0_0_in_context.xdc, line 55).
Applied set_property IO_BUFFER_TYPE = NONE for ddr3_sdram_dq[0]. (constraint file  c:/UNI/Y4S1/P4P/p4p-2024-group57/Implementation_Test/VivadoProjects/MyNewProject/MyNewProject.gen/sources_1/bd/PmodIPs/ip/PmodIPs_mig_7series_0_0/PmodIPs_mig_7series_0_0/PmodIPs_mig_7series_0_0_in_context.xdc, line 56).
Applied set_property CLOCK_BUFFER_TYPE = NONE for ddr3_sdram_dq[0]. (constraint file  c:/UNI/Y4S1/P4P/p4p-2024-group57/Implementation_Test/VivadoProjects/MyNewProject/MyNewProject.gen/sources_1/bd/PmodIPs/ip/PmodIPs_mig_7series_0_0/PmodIPs_mig_7series_0_0/PmodIPs_mig_7series_0_0_in_context.xdc, line 57).
Applied set_property IO_BUFFER_TYPE = NONE for ddr3_sdram_dq[10]. (constraint file  c:/UNI/Y4S1/P4P/p4p-2024-group57/Implementation_Test/VivadoProjects/MyNewProject/MyNewProject.gen/sources_1/bd/PmodIPs/ip/PmodIPs_mig_7series_0_0/PmodIPs_mig_7series_0_0/PmodIPs_mig_7series_0_0_in_context.xdc, line 58).
Applied set_property CLOCK_BUFFER_TYPE = NONE for ddr3_sdram_dq[10]. (constraint file  c:/UNI/Y4S1/P4P/p4p-2024-group57/Implementation_Test/VivadoProjects/MyNewProject/MyNewProject.gen/sources_1/bd/PmodIPs/ip/PmodIPs_mig_7series_0_0/PmodIPs_mig_7series_0_0/PmodIPs_mig_7series_0_0_in_context.xdc, line 59).
Applied set_property IO_BUFFER_TYPE = NONE for ddr3_sdram_dq[11]. (constraint file  c:/UNI/Y4S1/P4P/p4p-2024-group57/Implementation_Test/VivadoProjects/MyNewProject/MyNewProject.gen/sources_1/bd/PmodIPs/ip/PmodIPs_mig_7series_0_0/PmodIPs_mig_7series_0_0/PmodIPs_mig_7series_0_0_in_context.xdc, line 60).
Applied set_property CLOCK_BUFFER_TYPE = NONE for ddr3_sdram_dq[11]. (constraint file  c:/UNI/Y4S1/P4P/p4p-2024-group57/Implementation_Test/VivadoProjects/MyNewProject/MyNewProject.gen/sources_1/bd/PmodIPs/ip/PmodIPs_mig_7series_0_0/PmodIPs_mig_7series_0_0/PmodIPs_mig_7series_0_0_in_context.xdc, line 61).
Applied set_property IO_BUFFER_TYPE = NONE for ddr3_sdram_dq[12]. (constraint file  c:/UNI/Y4S1/P4P/p4p-2024-group57/Implementation_Test/VivadoProjects/MyNewProject/MyNewProject.gen/sources_1/bd/PmodIPs/ip/PmodIPs_mig_7series_0_0/PmodIPs_mig_7series_0_0/PmodIPs_mig_7series_0_0_in_context.xdc, line 62).
Applied set_property CLOCK_BUFFER_TYPE = NONE for ddr3_sdram_dq[12]. (constraint file  c:/UNI/Y4S1/P4P/p4p-2024-group57/Implementation_Test/VivadoProjects/MyNewProject/MyNewProject.gen/sources_1/bd/PmodIPs/ip/PmodIPs_mig_7series_0_0/PmodIPs_mig_7series_0_0/PmodIPs_mig_7series_0_0_in_context.xdc, line 63).
Applied set_property IO_BUFFER_TYPE = NONE for ddr3_sdram_dq[13]. (constraint file  c:/UNI/Y4S1/P4P/p4p-2024-group57/Implementation_Test/VivadoProjects/MyNewProject/MyNewProject.gen/sources_1/bd/PmodIPs/ip/PmodIPs_mig_7series_0_0/PmodIPs_mig_7series_0_0/PmodIPs_mig_7series_0_0_in_context.xdc, line 64).
Applied set_property CLOCK_BUFFER_TYPE = NONE for ddr3_sdram_dq[13]. (constraint file  c:/UNI/Y4S1/P4P/p4p-2024-group57/Implementation_Test/VivadoProjects/MyNewProject/MyNewProject.gen/sources_1/bd/PmodIPs/ip/PmodIPs_mig_7series_0_0/PmodIPs_mig_7series_0_0/PmodIPs_mig_7series_0_0_in_context.xdc, line 65).
Applied set_property IO_BUFFER_TYPE = NONE for ddr3_sdram_dq[14]. (constraint file  c:/UNI/Y4S1/P4P/p4p-2024-group57/Implementation_Test/VivadoProjects/MyNewProject/MyNewProject.gen/sources_1/bd/PmodIPs/ip/PmodIPs_mig_7series_0_0/PmodIPs_mig_7series_0_0/PmodIPs_mig_7series_0_0_in_context.xdc, line 66).
Applied set_property CLOCK_BUFFER_TYPE = NONE for ddr3_sdram_dq[14]. (constraint file  c:/UNI/Y4S1/P4P/p4p-2024-group57/Implementation_Test/VivadoProjects/MyNewProject/MyNewProject.gen/sources_1/bd/PmodIPs/ip/PmodIPs_mig_7series_0_0/PmodIPs_mig_7series_0_0/PmodIPs_mig_7series_0_0_in_context.xdc, line 67).
Applied set_property IO_BUFFER_TYPE = NONE for ddr3_sdram_dq[15]. (constraint file  c:/UNI/Y4S1/P4P/p4p-2024-group57/Implementation_Test/VivadoProjects/MyNewProject/MyNewProject.gen/sources_1/bd/PmodIPs/ip/PmodIPs_mig_7series_0_0/PmodIPs_mig_7series_0_0/PmodIPs_mig_7series_0_0_in_context.xdc, line 68).
Applied set_property CLOCK_BUFFER_TYPE = NONE for ddr3_sdram_dq[15]. (constraint file  c:/UNI/Y4S1/P4P/p4p-2024-group57/Implementation_Test/VivadoProjects/MyNewProject/MyNewProject.gen/sources_1/bd/PmodIPs/ip/PmodIPs_mig_7series_0_0/PmodIPs_mig_7series_0_0/PmodIPs_mig_7series_0_0_in_context.xdc, line 69).
Applied set_property IO_BUFFER_TYPE = NONE for ddr3_sdram_dq[1]. (constraint file  c:/UNI/Y4S1/P4P/p4p-2024-group57/Implementation_Test/VivadoProjects/MyNewProject/MyNewProject.gen/sources_1/bd/PmodIPs/ip/PmodIPs_mig_7series_0_0/PmodIPs_mig_7series_0_0/PmodIPs_mig_7series_0_0_in_context.xdc, line 70).
Applied set_property CLOCK_BUFFER_TYPE = NONE for ddr3_sdram_dq[1]. (constraint file  c:/UNI/Y4S1/P4P/p4p-2024-group57/Implementation_Test/VivadoProjects/MyNewProject/MyNewProject.gen/sources_1/bd/PmodIPs/ip/PmodIPs_mig_7series_0_0/PmodIPs_mig_7series_0_0/PmodIPs_mig_7series_0_0_in_context.xdc, line 71).
Applied set_property IO_BUFFER_TYPE = NONE for ddr3_sdram_dq[2]. (constraint file  c:/UNI/Y4S1/P4P/p4p-2024-group57/Implementation_Test/VivadoProjects/MyNewProject/MyNewProject.gen/sources_1/bd/PmodIPs/ip/PmodIPs_mig_7series_0_0/PmodIPs_mig_7series_0_0/PmodIPs_mig_7series_0_0_in_context.xdc, line 72).
Applied set_property CLOCK_BUFFER_TYPE = NONE for ddr3_sdram_dq[2]. (constraint file  c:/UNI/Y4S1/P4P/p4p-2024-group57/Implementation_Test/VivadoProjects/MyNewProject/MyNewProject.gen/sources_1/bd/PmodIPs/ip/PmodIPs_mig_7series_0_0/PmodIPs_mig_7series_0_0/PmodIPs_mig_7series_0_0_in_context.xdc, line 73).
Applied set_property IO_BUFFER_TYPE = NONE for ddr3_sdram_dq[3]. (constraint file  c:/UNI/Y4S1/P4P/p4p-2024-group57/Implementation_Test/VivadoProjects/MyNewProject/MyNewProject.gen/sources_1/bd/PmodIPs/ip/PmodIPs_mig_7series_0_0/PmodIPs_mig_7series_0_0/PmodIPs_mig_7series_0_0_in_context.xdc, line 74).
Applied set_property CLOCK_BUFFER_TYPE = NONE for ddr3_sdram_dq[3]. (constraint file  c:/UNI/Y4S1/P4P/p4p-2024-group57/Implementation_Test/VivadoProjects/MyNewProject/MyNewProject.gen/sources_1/bd/PmodIPs/ip/PmodIPs_mig_7series_0_0/PmodIPs_mig_7series_0_0/PmodIPs_mig_7series_0_0_in_context.xdc, line 75).
Applied set_property IO_BUFFER_TYPE = NONE for ddr3_sdram_dq[4]. (constraint file  c:/UNI/Y4S1/P4P/p4p-2024-group57/Implementation_Test/VivadoProjects/MyNewProject/MyNewProject.gen/sources_1/bd/PmodIPs/ip/PmodIPs_mig_7series_0_0/PmodIPs_mig_7series_0_0/PmodIPs_mig_7series_0_0_in_context.xdc, line 76).
Applied set_property CLOCK_BUFFER_TYPE = NONE for ddr3_sdram_dq[4]. (constraint file  c:/UNI/Y4S1/P4P/p4p-2024-group57/Implementation_Test/VivadoProjects/MyNewProject/MyNewProject.gen/sources_1/bd/PmodIPs/ip/PmodIPs_mig_7series_0_0/PmodIPs_mig_7series_0_0/PmodIPs_mig_7series_0_0_in_context.xdc, line 77).
Applied set_property IO_BUFFER_TYPE = NONE for ddr3_sdram_dq[5]. (constraint file  c:/UNI/Y4S1/P4P/p4p-2024-group57/Implementation_Test/VivadoProjects/MyNewProject/MyNewProject.gen/sources_1/bd/PmodIPs/ip/PmodIPs_mig_7series_0_0/PmodIPs_mig_7series_0_0/PmodIPs_mig_7series_0_0_in_context.xdc, line 78).
Applied set_property CLOCK_BUFFER_TYPE = NONE for ddr3_sdram_dq[5]. (constraint file  c:/UNI/Y4S1/P4P/p4p-2024-group57/Implementation_Test/VivadoProjects/MyNewProject/MyNewProject.gen/sources_1/bd/PmodIPs/ip/PmodIPs_mig_7series_0_0/PmodIPs_mig_7series_0_0/PmodIPs_mig_7series_0_0_in_context.xdc, line 79).
Applied set_property IO_BUFFER_TYPE = NONE for ddr3_sdram_dq[6]. (constraint file  c:/UNI/Y4S1/P4P/p4p-2024-group57/Implementation_Test/VivadoProjects/MyNewProject/MyNewProject.gen/sources_1/bd/PmodIPs/ip/PmodIPs_mig_7series_0_0/PmodIPs_mig_7series_0_0/PmodIPs_mig_7series_0_0_in_context.xdc, line 80).
Applied set_property CLOCK_BUFFER_TYPE = NONE for ddr3_sdram_dq[6]. (constraint file  c:/UNI/Y4S1/P4P/p4p-2024-group57/Implementation_Test/VivadoProjects/MyNewProject/MyNewProject.gen/sources_1/bd/PmodIPs/ip/PmodIPs_mig_7series_0_0/PmodIPs_mig_7series_0_0/PmodIPs_mig_7series_0_0_in_context.xdc, line 81).
Applied set_property IO_BUFFER_TYPE = NONE for ddr3_sdram_dq[7]. (constraint file  c:/UNI/Y4S1/P4P/p4p-2024-group57/Implementation_Test/VivadoProjects/MyNewProject/MyNewProject.gen/sources_1/bd/PmodIPs/ip/PmodIPs_mig_7series_0_0/PmodIPs_mig_7series_0_0/PmodIPs_mig_7series_0_0_in_context.xdc, line 82).
Applied set_property CLOCK_BUFFER_TYPE = NONE for ddr3_sdram_dq[7]. (constraint file  c:/UNI/Y4S1/P4P/p4p-2024-group57/Implementation_Test/VivadoProjects/MyNewProject/MyNewProject.gen/sources_1/bd/PmodIPs/ip/PmodIPs_mig_7series_0_0/PmodIPs_mig_7series_0_0/PmodIPs_mig_7series_0_0_in_context.xdc, line 83).
Applied set_property IO_BUFFER_TYPE = NONE for ddr3_sdram_dq[8]. (constraint file  c:/UNI/Y4S1/P4P/p4p-2024-group57/Implementation_Test/VivadoProjects/MyNewProject/MyNewProject.gen/sources_1/bd/PmodIPs/ip/PmodIPs_mig_7series_0_0/PmodIPs_mig_7series_0_0/PmodIPs_mig_7series_0_0_in_context.xdc, line 84).
Applied set_property CLOCK_BUFFER_TYPE = NONE for ddr3_sdram_dq[8]. (constraint file  c:/UNI/Y4S1/P4P/p4p-2024-group57/Implementation_Test/VivadoProjects/MyNewProject/MyNewProject.gen/sources_1/bd/PmodIPs/ip/PmodIPs_mig_7series_0_0/PmodIPs_mig_7series_0_0/PmodIPs_mig_7series_0_0_in_context.xdc, line 85).
Applied set_property IO_BUFFER_TYPE = NONE for ddr3_sdram_dq[9]. (constraint file  c:/UNI/Y4S1/P4P/p4p-2024-group57/Implementation_Test/VivadoProjects/MyNewProject/MyNewProject.gen/sources_1/bd/PmodIPs/ip/PmodIPs_mig_7series_0_0/PmodIPs_mig_7series_0_0/PmodIPs_mig_7series_0_0_in_context.xdc, line 86).
Applied set_property CLOCK_BUFFER_TYPE = NONE for ddr3_sdram_dq[9]. (constraint file  c:/UNI/Y4S1/P4P/p4p-2024-group57/Implementation_Test/VivadoProjects/MyNewProject/MyNewProject.gen/sources_1/bd/PmodIPs/ip/PmodIPs_mig_7series_0_0/PmodIPs_mig_7series_0_0/PmodIPs_mig_7series_0_0_in_context.xdc, line 87).
Applied set_property IO_BUFFER_TYPE = NONE for ddr3_sdram_dqs_n[0]. (constraint file  c:/UNI/Y4S1/P4P/p4p-2024-group57/Implementation_Test/VivadoProjects/MyNewProject/MyNewProject.gen/sources_1/bd/PmodIPs/ip/PmodIPs_mig_7series_0_0/PmodIPs_mig_7series_0_0/PmodIPs_mig_7series_0_0_in_context.xdc, line 88).
Applied set_property CLOCK_BUFFER_TYPE = NONE for ddr3_sdram_dqs_n[0]. (constraint file  c:/UNI/Y4S1/P4P/p4p-2024-group57/Implementation_Test/VivadoProjects/MyNewProject/MyNewProject.gen/sources_1/bd/PmodIPs/ip/PmodIPs_mig_7series_0_0/PmodIPs_mig_7series_0_0/PmodIPs_mig_7series_0_0_in_context.xdc, line 89).
Applied set_property IO_BUFFER_TYPE = NONE for ddr3_sdram_dqs_n[1]. (constraint file  c:/UNI/Y4S1/P4P/p4p-2024-group57/Implementation_Test/VivadoProjects/MyNewProject/MyNewProject.gen/sources_1/bd/PmodIPs/ip/PmodIPs_mig_7series_0_0/PmodIPs_mig_7series_0_0/PmodIPs_mig_7series_0_0_in_context.xdc, line 90).
Applied set_property CLOCK_BUFFER_TYPE = NONE for ddr3_sdram_dqs_n[1]. (constraint file  c:/UNI/Y4S1/P4P/p4p-2024-group57/Implementation_Test/VivadoProjects/MyNewProject/MyNewProject.gen/sources_1/bd/PmodIPs/ip/PmodIPs_mig_7series_0_0/PmodIPs_mig_7series_0_0/PmodIPs_mig_7series_0_0_in_context.xdc, line 91).
Applied set_property IO_BUFFER_TYPE = NONE for ddr3_sdram_dqs_p[0]. (constraint file  c:/UNI/Y4S1/P4P/p4p-2024-group57/Implementation_Test/VivadoProjects/MyNewProject/MyNewProject.gen/sources_1/bd/PmodIPs/ip/PmodIPs_mig_7series_0_0/PmodIPs_mig_7series_0_0/PmodIPs_mig_7series_0_0_in_context.xdc, line 92).
Applied set_property CLOCK_BUFFER_TYPE = NONE for ddr3_sdram_dqs_p[0]. (constraint file  c:/UNI/Y4S1/P4P/p4p-2024-group57/Implementation_Test/VivadoProjects/MyNewProject/MyNewProject.gen/sources_1/bd/PmodIPs/ip/PmodIPs_mig_7series_0_0/PmodIPs_mig_7series_0_0/PmodIPs_mig_7series_0_0_in_context.xdc, line 93).
Applied set_property IO_BUFFER_TYPE = NONE for ddr3_sdram_dqs_p[1]. (constraint file  c:/UNI/Y4S1/P4P/p4p-2024-group57/Implementation_Test/VivadoProjects/MyNewProject/MyNewProject.gen/sources_1/bd/PmodIPs/ip/PmodIPs_mig_7series_0_0/PmodIPs_mig_7series_0_0/PmodIPs_mig_7series_0_0_in_context.xdc, line 94).
Applied set_property CLOCK_BUFFER_TYPE = NONE for ddr3_sdram_dqs_p[1]. (constraint file  c:/UNI/Y4S1/P4P/p4p-2024-group57/Implementation_Test/VivadoProjects/MyNewProject/MyNewProject.gen/sources_1/bd/PmodIPs/ip/PmodIPs_mig_7series_0_0/PmodIPs_mig_7series_0_0/PmodIPs_mig_7series_0_0_in_context.xdc, line 95).
Applied set_property IO_BUFFER_TYPE = NONE for ddr3_sdram_odt[0]. (constraint file  c:/UNI/Y4S1/P4P/p4p-2024-group57/Implementation_Test/VivadoProjects/MyNewProject/MyNewProject.gen/sources_1/bd/PmodIPs/ip/PmodIPs_mig_7series_0_0/PmodIPs_mig_7series_0_0/PmodIPs_mig_7series_0_0_in_context.xdc, line 96).
Applied set_property CLOCK_BUFFER_TYPE = NONE for ddr3_sdram_odt[0]. (constraint file  c:/UNI/Y4S1/P4P/p4p-2024-group57/Implementation_Test/VivadoProjects/MyNewProject/MyNewProject.gen/sources_1/bd/PmodIPs/ip/PmodIPs_mig_7series_0_0/PmodIPs_mig_7series_0_0/PmodIPs_mig_7series_0_0_in_context.xdc, line 97).
Applied set_property IO_BUFFER_TYPE = NONE for ddr3_sdram_ras_n. (constraint file  c:/UNI/Y4S1/P4P/p4p-2024-group57/Implementation_Test/VivadoProjects/MyNewProject/MyNewProject.gen/sources_1/bd/PmodIPs/ip/PmodIPs_mig_7series_0_0/PmodIPs_mig_7series_0_0/PmodIPs_mig_7series_0_0_in_context.xdc, line 98).
Applied set_property CLOCK_BUFFER_TYPE = NONE for ddr3_sdram_ras_n. (constraint file  c:/UNI/Y4S1/P4P/p4p-2024-group57/Implementation_Test/VivadoProjects/MyNewProject/MyNewProject.gen/sources_1/bd/PmodIPs/ip/PmodIPs_mig_7series_0_0/PmodIPs_mig_7series_0_0/PmodIPs_mig_7series_0_0_in_context.xdc, line 99).
Applied set_property IO_BUFFER_TYPE = NONE for ddr3_sdram_reset_n. (constraint file  c:/UNI/Y4S1/P4P/p4p-2024-group57/Implementation_Test/VivadoProjects/MyNewProject/MyNewProject.gen/sources_1/bd/PmodIPs/ip/PmodIPs_mig_7series_0_0/PmodIPs_mig_7series_0_0/PmodIPs_mig_7series_0_0_in_context.xdc, line 100).
Applied set_property CLOCK_BUFFER_TYPE = NONE for ddr3_sdram_reset_n. (constraint file  c:/UNI/Y4S1/P4P/p4p-2024-group57/Implementation_Test/VivadoProjects/MyNewProject/MyNewProject.gen/sources_1/bd/PmodIPs/ip/PmodIPs_mig_7series_0_0/PmodIPs_mig_7series_0_0/PmodIPs_mig_7series_0_0_in_context.xdc, line 101).
Applied set_property IO_BUFFER_TYPE = NONE for ddr3_sdram_we_n. (constraint file  c:/UNI/Y4S1/P4P/p4p-2024-group57/Implementation_Test/VivadoProjects/MyNewProject/MyNewProject.gen/sources_1/bd/PmodIPs/ip/PmodIPs_mig_7series_0_0/PmodIPs_mig_7series_0_0/PmodIPs_mig_7series_0_0_in_context.xdc, line 102).
Applied set_property CLOCK_BUFFER_TYPE = NONE for ddr3_sdram_we_n. (constraint file  c:/UNI/Y4S1/P4P/p4p-2024-group57/Implementation_Test/VivadoProjects/MyNewProject/MyNewProject.gen/sources_1/bd/PmodIPs/ip/PmodIPs_mig_7series_0_0/PmodIPs_mig_7series_0_0/PmodIPs_mig_7series_0_0_in_context.xdc, line 103).
Applied set_property IO_BUFFER_TYPE = NONE for sys_clk_i. (constraint file  c:/UNI/Y4S1/P4P/p4p-2024-group57/Implementation_Test/VivadoProjects/MyNewProject/MyNewProject.gen/sources_1/bd/PmodIPs/ip/PmodIPs_mig_7series_0_0/PmodIPs_mig_7series_0_0/PmodIPs_mig_7series_0_0_in_context.xdc, line 104).
Applied set_property CLOCK_BUFFER_TYPE = NONE for sys_clk_i. (constraint file  c:/UNI/Y4S1/P4P/p4p-2024-group57/Implementation_Test/VivadoProjects/MyNewProject/MyNewProject.gen/sources_1/bd/PmodIPs/ip/PmodIPs_mig_7series_0_0/PmodIPs_mig_7series_0_0/PmodIPs_mig_7series_0_0_in_context.xdc, line 105).
Applied set_property KEEP_HIERARCHY = SOFT for PmodIPs_i. (constraint file  auto generated constraint).
Applied set_property KEEP_HIERARCHY = SOFT for PmodIPs_i/microblaze_0. (constraint file  auto generated constraint).
Applied set_property KEEP_HIERARCHY = SOFT for PmodIPs_i/microblaze_0_local_memory/dlmb_v10. (constraint file  auto generated constraint).
Applied set_property KEEP_HIERARCHY = SOFT for PmodIPs_i/microblaze_0_local_memory/ilmb_v10. (constraint file  auto generated constraint).
Applied set_property KEEP_HIERARCHY = SOFT for PmodIPs_i/microblaze_0_local_memory/dlmb_bram_if_cntlr. (constraint file  auto generated constraint).
Applied set_property KEEP_HIERARCHY = SOFT for PmodIPs_i/microblaze_0_local_memory/ilmb_bram_if_cntlr. (constraint file  auto generated constraint).
Applied set_property KEEP_HIERARCHY = SOFT for PmodIPs_i/microblaze_0_local_memory/lmb_bram. (constraint file  auto generated constraint).
Applied set_property KEEP_HIERARCHY = SOFT for PmodIPs_i/microblaze_0_axi_periph/xbar. (constraint file  auto generated constraint).
Applied set_property KEEP_HIERARCHY = SOFT for PmodIPs_i/microblaze_0_axi_periph. (constraint file  auto generated constraint).
Applied set_property KEEP_HIERARCHY = SOFT for PmodIPs_i/microblaze_0_axi_intc. (constraint file  auto generated constraint).
Applied set_property KEEP_HIERARCHY = SOFT for PmodIPs_i/microblaze_0_xlconcat. (constraint file  auto generated constraint).
Applied set_property KEEP_HIERARCHY = SOFT for PmodIPs_i/mdm_1. (constraint file  auto generated constraint).
Applied set_property KEEP_HIERARCHY = SOFT for PmodIPs_i/rst_clk_wiz_0_100M. (constraint file  auto generated constraint).
Applied set_property KEEP_HIERARCHY = SOFT for PmodIPs_i/axi_smc. (constraint file  auto generated constraint).
Applied set_property KEEP_HIERARCHY = SOFT for PmodIPs_i/rst_mig_7series_0_81M. (constraint file  auto generated constraint).
Applied set_property KEEP_HIERARCHY = SOFT for PmodIPs_i/AXI_GPIO_LED. (constraint file  auto generated constraint).
Applied set_property KEEP_HIERARCHY = SOFT for PmodIPs_i/AXI_GPIO_RGB_LED. (constraint file  auto generated constraint).
Applied set_property KEEP_HIERARCHY = SOFT for PmodIPs_i/AXI_UARTLITE. (constraint file  auto generated constraint).
Applied set_property KEEP_HIERARCHY = SOFT for PmodIPs_i/mig_7series_0. (constraint file  auto generated constraint).
Applied set_property KEEP_HIERARCHY = SOFT for PmodIPs_i/clk_wiz_0. (constraint file  auto generated constraint).
Applied set_property KEEP_HIERARCHY = SOFT for PmodIPs_i/axi_gpio_button. (constraint file  auto generated constraint).
Applied set_property KEEP_HIERARCHY = SOFT for PmodIPs_i/ClockDivider_0. (constraint file  auto generated constraint).
---------------------------------------------------------------------------------
Finished applying 'set_property' XDC Constraints : Time (s): cpu = 00:00:14 ; elapsed = 00:00:17 . Memory (MB): peak = 1534.043 ; gain = 564.391
---------------------------------------------------------------------------------
---------------------------------------------------------------------------------
Finished RTL Optimization Phase 2 : Time (s): cpu = 00:00:14 ; elapsed = 00:00:18 . Memory (MB): peak = 1534.043 ; gain = 564.391
---------------------------------------------------------------------------------
---------------------------------------------------------------------------------
Start RTL Component Statistics 
---------------------------------------------------------------------------------
Detailed RTL Component Info : 
---------------------------------------------------------------------------------
Finished RTL Component Statistics 
---------------------------------------------------------------------------------
---------------------------------------------------------------------------------
Start Part Resource Summary
---------------------------------------------------------------------------------
Part Resources:
DSPs: 240 (col length:80)
BRAMs: 270 (col length: RAMB18 80 RAMB36 40)
---------------------------------------------------------------------------------
Finished Part Resource Summary
---------------------------------------------------------------------------------
---------------------------------------------------------------------------------
Start Cross Boundary and Area Optimization
---------------------------------------------------------------------------------
WARNING: [Synth 8-7080] Parallel synthesis criteria is not met
---------------------------------------------------------------------------------
Finished Cross Boundary and Area Optimization : Time (s): cpu = 00:00:16 ; elapsed = 00:00:19 . Memory (MB): peak = 1534.043 ; gain = 564.391
---------------------------------------------------------------------------------
---------------------------------------------------------------------------------
Start Applying XDC Timing Constraints
---------------------------------------------------------------------------------
---------------------------------------------------------------------------------
Finished Applying XDC Timing Constraints : Time (s): cpu = 00:00:20 ; elapsed = 00:00:25 . Memory (MB): peak = 1534.043 ; gain = 564.391
---------------------------------------------------------------------------------
---------------------------------------------------------------------------------
Start Timing Optimization
---------------------------------------------------------------------------------
---------------------------------------------------------------------------------
Finished Timing Optimization : Time (s): cpu = 00:00:20 ; elapsed = 00:00:25 . Memory (MB): peak = 1534.043 ; gain = 564.391
---------------------------------------------------------------------------------
---------------------------------------------------------------------------------
Start Technology Mapping
---------------------------------------------------------------------------------
---------------------------------------------------------------------------------
Finished Technology Mapping : Time (s): cpu = 00:00:20 ; elapsed = 00:00:25 . Memory (MB): peak = 1534.043 ; gain = 564.391
---------------------------------------------------------------------------------
---------------------------------------------------------------------------------
Start IO Insertion
---------------------------------------------------------------------------------
---------------------------------------------------------------------------------
Start Flattening Before IO Insertion
---------------------------------------------------------------------------------
---------------------------------------------------------------------------------
Finished Flattening Before IO Insertion
---------------------------------------------------------------------------------
---------------------------------------------------------------------------------
Start Final Netlist Cleanup
---------------------------------------------------------------------------------
---------------------------------------------------------------------------------
Finished Final Netlist Cleanup
---------------------------------------------------------------------------------
---------------------------------------------------------------------------------
Finished IO Insertion : Time (s): cpu = 00:00:24 ; elapsed = 00:00:30 . Memory (MB): peak = 1534.043 ; gain = 564.391
---------------------------------------------------------------------------------
---------------------------------------------------------------------------------
Start Renaming Generated Instances
---------------------------------------------------------------------------------
---------------------------------------------------------------------------------
Finished Renaming Generated Instances : Time (s): cpu = 00:00:24 ; elapsed = 00:00:30 . Memory (MB): peak = 1534.043 ; gain = 564.391
---------------------------------------------------------------------------------
---------------------------------------------------------------------------------
Start Rebuilding User Hierarchy
---------------------------------------------------------------------------------
---------------------------------------------------------------------------------
Finished Rebuilding User Hierarchy : Time (s): cpu = 00:00:24 ; elapsed = 00:00:30 . Memory (MB): peak = 1534.043 ; gain = 564.391
---------------------------------------------------------------------------------
---------------------------------------------------------------------------------
Start Renaming Generated Ports
---------------------------------------------------------------------------------
---------------------------------------------------------------------------------
Finished Renaming Generated Ports : Time (s): cpu = 00:00:24 ; elapsed = 00:00:30 . Memory (MB): peak = 1534.043 ; gain = 564.391
---------------------------------------------------------------------------------
---------------------------------------------------------------------------------
Start Handling Custom Attributes
---------------------------------------------------------------------------------
---------------------------------------------------------------------------------
Finished Handling Custom Attributes : Time (s): cpu = 00:00:24 ; elapsed = 00:00:30 . Memory (MB): peak = 1534.043 ; gain = 564.391
---------------------------------------------------------------------------------
---------------------------------------------------------------------------------
Start Renaming Generated Nets
---------------------------------------------------------------------------------
---------------------------------------------------------------------------------
Finished Renaming Generated Nets : Time (s): cpu = 00:00:24 ; elapsed = 00:00:30 . Memory (MB): peak = 1534.043 ; gain = 564.391
---------------------------------------------------------------------------------
---------------------------------------------------------------------------------
Start Writing Synthesis Report
---------------------------------------------------------------------------------

Report BlackBoxes: 
+------+--------------------------------+----------+
|      |BlackBox name                   |Instances |
+------+--------------------------------+----------+
|1     |PmodIPs_xbar_0                  |         1|
|2     |PmodIPs_axi_gpio_0_3            |         1|
|3     |PmodIPs_axi_gpio_0_6            |         1|
|4     |PmodIPs_axi_uartlite_0_0        |         1|
|5     |PmodIPs_ClockDivider_0_0        |         1|
|6     |PmodIPs_axi_gpio_0_8            |         1|
|7     |PmodIPs_axi_smc_0               |         1|
|8     |PmodIPs_clk_wiz_0_0             |         1|
|9     |PmodIPs_mdm_1_0                 |         1|
|10    |PmodIPs_microblaze_0_0          |         1|
|11    |PmodIPs_microblaze_0_axi_intc_0 |         1|
|12    |PmodIPs_mig_7series_0_0         |         1|
|13    |PmodIPs_rst_clk_wiz_0_100M_0    |         1|
|14    |PmodIPs_rst_mig_7series_0_81M_0 |         1|
|15    |PmodIPs_dlmb_bram_if_cntlr_0    |         1|
|16    |PmodIPs_dlmb_v10_0              |         1|
|17    |PmodIPs_ilmb_bram_if_cntlr_0    |         1|
|18    |PmodIPs_ilmb_v10_0              |         1|
|19    |PmodIPs_lmb_bram_0              |         1|
+------+--------------------------------+----------+

Report Cell Usage: 
+------+-------------------------------------+------+
|      |Cell                                 |Count |
+------+-------------------------------------+------+
|1     |PmodIPs_ClockDivider_0_0_bbox        |     1|
|2     |PmodIPs_axi_gpio_0_3_bbox            |     1|
|3     |PmodIPs_axi_gpio_0_6_bbox            |     1|
|4     |PmodIPs_axi_gpio_0_8_bbox            |     1|
|5     |PmodIPs_axi_smc_0_bbox               |     1|
|6     |PmodIPs_axi_uartlite_0_0_bbox        |     1|
|7     |PmodIPs_clk_wiz_0_0_bbox             |     1|
|8     |PmodIPs_dlmb_bram_if_cntlr_0_bbox    |     1|
|9     |PmodIPs_dlmb_v10_0_bbox              |     1|
|10    |PmodIPs_ilmb_bram_if_cntlr_0_bbox    |     1|
|11    |PmodIPs_ilmb_v10_0_bbox              |     1|
|12    |PmodIPs_lmb_bram_0_bbox              |     1|
|13    |PmodIPs_mdm_1_0_bbox                 |     1|
|14    |PmodIPs_microblaze_0_0_bbox          |     1|
|15    |PmodIPs_microblaze_0_axi_intc_0_bbox |     1|
|16    |PmodIPs_mig_7series_0_0_bbox         |     1|
|17    |PmodIPs_rst_clk_wiz_0_100M_0_bbox    |     1|
|18    |PmodIPs_rst_mig_7series_0_81M_0_bbox |     1|
|19    |PmodIPs_xbar_0_bbox                  |     1|
|20    |IBUF                                 |     2|
|21    |IOBUF                                |     4|
|22    |OBUF                                 |    17|
+------+-------------------------------------+------+
---------------------------------------------------------------------------------
Finished Writing Synthesis Report : Time (s): cpu = 00:00:24 ; elapsed = 00:00:30 . Memory (MB): peak = 1534.043 ; gain = 564.391
---------------------------------------------------------------------------------
Synthesis finished with 0 errors, 0 critical warnings and 17 warnings.
Synthesis Optimization Runtime : Time (s): cpu = 00:00:15 ; elapsed = 00:00:27 . Memory (MB): peak = 1534.043 ; gain = 564.391
Synthesis Optimization Complete : Time (s): cpu = 00:00:24 ; elapsed = 00:00:30 . Memory (MB): peak = 1534.043 ; gain = 564.391
INFO: [Project 1-571] Translating synthesized netlist
Netlist sorting complete. Time (s): cpu = 00:00:00 ; elapsed = 00:00:00.030 . Memory (MB): peak = 1534.043 ; gain = 0.000
INFO: [Netlist 29-17] Analyzing 4 Unisim elements for replacement
INFO: [Netlist 29-28] Unisim Transformation completed in 0 CPU seconds
INFO: [Project 1-570] Preparing netlist for logic optimization
INFO: [Opt 31-138] Pushed 0 inverter(s) to 0 load pin(s).
Netlist sorting complete. Time (s): cpu = 00:00:00 ; elapsed = 00:00:00.001 . Memory (MB): peak = 1534.043 ; gain = 0.000
INFO: [Project 1-111] Unisim Transformation Summary:
  A total of 4 instances were transformed.
  IOBUF => IOBUF (IBUF, OBUFT): 4 instances

The system cannot find the path specified.
Synth Design complete | Checksum: d519003f
INFO: [Common 17-83] Releasing license: Synthesis
96 Infos, 111 Warnings, 0 Critical Warnings and 0 Errors encountered.
synth_design completed successfully
synth_design: Time (s): cpu = 00:00:27 ; elapsed = 00:00:35 . Memory (MB): peak = 1534.043 ; gain = 970.559
Write ShapeDB Complete: Time (s): cpu = 00:00:00 ; elapsed = 00:00:00.001 . Memory (MB): peak = 1534.043 ; gain = 0.000
INFO: [Common 17-1381] The checkpoint 'C:/UNI/Y4S1/P4P/p4p-2024-group57/Implementation_Test/VivadoProjects/MyNewProject/MyNewProject.runs/synth_1/PmodIPs_wrapper.dcp' has been generated.
INFO: [runtcl-4] Executing : report_utilization -file PmodIPs_wrapper_utilization_synth.rpt -pb PmodIPs_wrapper_utilization_synth.pb
INFO: [Common 17-206] Exiting Vivado at Tue May 21 15:14:27 2024...
