Copyright 1986-2022 Xilinx, Inc. All Rights Reserved. Copyright 2022-2023 Advanced Micro Devices, Inc. All Rights Reserved.
-------------------------------------------------------------------------------------------------------------------------------------------------------------------
| Tool Version     : Vivado v.2023.2 (win64) Build 4029153 Fri Oct 13 20:14:34 MDT 2023
| Date             : Mon May 20 21:25:51 2024
| Host             : Daniels-PC running 64-bit major release  (build 9200)
| Command          : report_power -file PmodIPs_wrapper_power_routed.rpt -pb PmodIPs_wrapper_power_summary_routed.pb -rpx PmodIPs_wrapper_power_routed.rpx
| Design           : PmodIPs_wrapper
| Device           : xc7a100tcsg324-1
| Design State     : routed
| Grade            : commercial
| Process          : typical
| Characterization : Production
-------------------------------------------------------------------------------------------------------------------------------------------------------------------

Power Report

Table of Contents
-----------------
1. Summary
1.1 On-Chip Components
1.2 Power Supply Summary
1.3 Confidence Level
2. Settings
2.1 Environment
2.2 Clock Constraints
3. Detailed Reports
3.1 By Hierarchy

1. Summary
----------

+--------------------------+--------------+
| Total On-Chip Power (W)  | 1.097        |
| Design Power Budget (W)  | Unspecified* |
| Power Budget Margin (W)  | NA           |
| Dynamic (W)              | 0.991        |
| Device Static (W)        | 0.107        |
| Effective TJA (C/W)      | 4.6          |
| Max Ambient (C)          | 80.0         |
| Junction Temperature (C) | 30.0         |
| Confidence Level         | Low          |
| Setting File             | ---          |
| Simulation Activity File | ---          |
| Design Nets Matched      | NA           |
+--------------------------+--------------+
* Specify Design Power Budget using, set_operating_conditions -design_power_budget <value in Watts>


1.1 On-Chip Components
----------------------

+--------------------------+-----------+----------+-----------+-----------------+
| On-Chip                  | Power (W) | Used     | Available | Utilization (%) |
+--------------------------+-----------+----------+-----------+-----------------+
| Clocks                   |     0.029 |       47 |       --- |             --- |
| Slice Logic              |     0.101 |    28690 |       --- |             --- |
|   LUT as Logic           |     0.085 |     9119 |     63400 |           14.38 |
|   LUT as Distributed RAM |     0.008 |     1268 |     19000 |            6.67 |
|   Register               |     0.005 |    12110 |    126800 |            9.55 |
|   LUT as Shift Register  |     0.001 |      424 |     19000 |            2.23 |
|   CARRY4                 |    <0.001 |      227 |     15850 |            1.43 |
|   F7/F8 Muxes            |    <0.001 |      200 |     63400 |            0.32 |
|   BUFG                   |    <0.001 |        1 |        32 |            3.13 |
|   Others                 |    <0.001 |     1350 |       --- |             --- |
| Signals                  |     0.149 |    20621 |       --- |             --- |
| Block RAM                |     0.002 |       13 |       135 |            9.63 |
| MMCM                     |     0.200 |        2 |         6 |           33.33 |
| PLL                      |     0.115 |        1 |         6 |           16.67 |
| I/O                      |     0.281 |       72 |       210 |           34.29 |
| PHASER                   |     0.110 |       14 |       --- |             --- |
| XADC                     |     0.004 |        1 |       --- |             --- |
| Static Power             |     0.107 |          |           |                 |
| Total                    |     1.097 |          |           |                 |
+--------------------------+-----------+----------+-----------+-----------------+


1.2 Power Supply Summary
------------------------

+-----------+-------------+-----------+-------------+------------+-------------+-------------+------------+
| Source    | Voltage (V) | Total (A) | Dynamic (A) | Static (A) | Powerup (A) | Budget (A)  | Margin (A) |
+-----------+-------------+-----------+-------------+------------+-------------+-------------+------------+
| Vccint    |       1.000 |     0.336 |       0.318 |      0.018 |       NA    | Unspecified | NA         |
| Vccaux    |       1.800 |     0.292 |       0.273 |      0.018 |       NA    | Unspecified | NA         |
| Vcco33    |       3.300 |     0.010 |       0.006 |      0.004 |       NA    | Unspecified | NA         |
| Vcco25    |       2.500 |     0.000 |       0.000 |      0.000 |       NA    | Unspecified | NA         |
| Vcco18    |       1.800 |     0.000 |       0.000 |      0.000 |       NA    | Unspecified | NA         |
| Vcco15    |       1.500 |     0.000 |       0.000 |      0.000 |       NA    | Unspecified | NA         |
| Vcco135   |       1.350 |     0.121 |       0.117 |      0.004 |       NA    | Unspecified | NA         |
| Vcco12    |       1.200 |     0.000 |       0.000 |      0.000 |       NA    | Unspecified | NA         |
| Vccaux_io |       1.800 |     0.000 |       0.000 |      0.000 |       NA    | Unspecified | NA         |
| Vccbram   |       1.000 |     0.001 |       0.000 |      0.001 |       NA    | Unspecified | NA         |
| MGTAVcc   |       1.000 |     0.000 |       0.000 |      0.000 |       NA    | Unspecified | NA         |
| MGTAVtt   |       1.200 |     0.000 |       0.000 |      0.000 |       NA    | Unspecified | NA         |
| Vccadc    |       1.800 |     0.022 |       0.002 |      0.020 |       NA    | Unspecified | NA         |
+-----------+-------------+-----------+-------------+------------+-------------+-------------+------------+


1.3 Confidence Level
--------------------

+-----------------------------+------------+--------------------------------------------------------+--------------------------------------------------------------------------------------------------------------------+
| User Input Data             | Confidence | Details                                                | Action                                                                                                             |
+-----------------------------+------------+--------------------------------------------------------+--------------------------------------------------------------------------------------------------------------------+
| Design implementation state | High       | Design is routed                                       |                                                                                                                    |
| Clock nodes activity        | Low        | User specified less than 75% of clocks                 | Provide missing clock activity with a constraint file, simulation results or by editing the "By Clock Domain" view |
| I/O nodes activity          | Low        | More than 75% of inputs are missing user specification | Provide missing input activity with simulation results or by editing the "By Resource Type -> I/Os" view           |
| Internal nodes activity     | Medium     | User specified less than 25% of internal nodes         | Provide missing internal nodes activity with simulation results or by editing the "By Resource Type" views         |
| Device models               | High       | Device models are Production                           |                                                                                                                    |
|                             |            |                                                        |                                                                                                                    |
| Overall confidence level    | Low        |                                                        |                                                                                                                    |
+-----------------------------+------------+--------------------------------------------------------+--------------------------------------------------------------------------------------------------------------------+


2. Settings
-----------

2.1 Environment
---------------

+-----------------------+--------------------------+
| Ambient Temp (C)      | 25.0                     |
| ThetaJA (C/W)         | 4.6                      |
| Airflow (LFM)         | 250                      |
| Heat Sink             | medium (Medium Profile)  |
| ThetaSA (C/W)         | 4.6                      |
| Board Selection       | medium (10"x10")         |
| # of Board Layers     | 12to15 (12 to 15 Layers) |
| Board Temperature (C) | 25.0                     |
+-----------------------+--------------------------+


2.2 Clock Constraints
---------------------

+-------------------------------------------------------------------------------------------------------------------------------------------------------------+-------------------------------------------------------------------------------------------------------------------------------------------------------------------------------------------------------------------------------+-----------------+
| Clock                                                                                                                                                       | Domain                                                                                                                                                                                                                        | Constraint (ns) |
+-------------------------------------------------------------------------------------------------------------------------------------------------------------+-------------------------------------------------------------------------------------------------------------------------------------------------------------------------------------------------------------------------------+-----------------+
| PmodIPs_i/mdm_1/U0/Use_E2.BSCAN_I/Use_E2.BSCANE2_I/DRCK                                                                                                     | PmodIPs_i/mdm_1/U0/Use_E2.BSCAN_I/DRCK                                                                                                                                                                                        |            33.3 |
| PmodIPs_i/mdm_1/U0/Use_E2.BSCAN_I/Use_E2.BSCANE2_I/UPDATE                                                                                                   | PmodIPs_i/mdm_1/U0/Use_E2.BSCAN_I/Dbg_Update_0                                                                                                                                                                                |            33.3 |
| clk_out1_PmodIPs_clk_wiz_0_0                                                                                                                                | PmodIPs_i/clk_wiz_0/inst/clk_out1_PmodIPs_clk_wiz_0_0                                                                                                                                                                         |            10.0 |
| clk_pll_i                                                                                                                                                   | PmodIPs_i/mig_7series_0/u_PmodIPs_mig_7series_0_0_mig/u_ddr3_infrastructure/clk_pll_i                                                                                                                                         |            12.3 |
| clk_pll_i                                                                                                                                                   | PmodIPs_i/mig_7series_0/u_PmodIPs_mig_7series_0_0_mig/u_ddr3_infrastructure/u_bufg_clkdiv0_0                                                                                                                                  |            12.3 |
| clk_pll_i_1                                                                                                                                                 | PmodIPs_i/mig_7series_0/u_PmodIPs_mig_7series_0_0_mig/u_ddr3_infrastructure/clk_pll_i                                                                                                                                         |            12.3 |
| clk_pll_i_1                                                                                                                                                 | PmodIPs_i/mig_7series_0/u_PmodIPs_mig_7series_0_0_mig/u_ddr3_infrastructure/u_bufg_clkdiv0_0                                                                                                                                  |            12.3 |
| clkfbout_PmodIPs_clk_wiz_0_0                                                                                                                                | PmodIPs_i/clk_wiz_0/inst/clkfbout_PmodIPs_clk_wiz_0_0                                                                                                                                                                         |            73.8 |
| freq_refclk                                                                                                                                                 | PmodIPs_i/mig_7series_0/u_PmodIPs_mig_7series_0_0_mig/u_ddr3_infrastructure/freq_refclk                                                                                                                                       |             1.5 |
| freq_refclk_1                                                                                                                                               | PmodIPs_i/mig_7series_0/u_PmodIPs_mig_7series_0_0_mig/u_ddr3_infrastructure/freq_refclk                                                                                                                                       |             1.5 |
| iserdes_clkdiv                                                                                                                                              | PmodIPs_i/mig_7series_0/u_PmodIPs_mig_7series_0_0_mig/u_memc_ui_top_axi/mem_intfc0/ddr_phy_top0/u_ddr_mc_phy_wrapper/u_ddr_mc_phy/ddr_phy_4lanes_0.u_ddr_phy_4lanes/ddr_byte_lane_C.ddr_byte_lane_C/iserdes_clkdiv            |            12.3 |
| iserdes_clkdiv_1                                                                                                                                            | PmodIPs_i/mig_7series_0/u_PmodIPs_mig_7series_0_0_mig/u_memc_ui_top_axi/mem_intfc0/ddr_phy_top0/u_ddr_mc_phy_wrapper/u_ddr_mc_phy/ddr_phy_4lanes_0.u_ddr_phy_4lanes/ddr_byte_lane_D.ddr_byte_lane_D/iserdes_clkdiv            |            12.3 |
| iserdes_clkdiv_2                                                                                                                                            | PmodIPs_i/mig_7series_0/u_PmodIPs_mig_7series_0_0_mig/u_memc_ui_top_axi/mem_intfc0/ddr_phy_top0/u_ddr_mc_phy_wrapper/u_ddr_mc_phy/ddr_phy_4lanes_0.u_ddr_phy_4lanes/ddr_byte_lane_C.ddr_byte_lane_C/iserdes_clkdiv            |            12.3 |
| iserdes_clkdiv_3                                                                                                                                            | PmodIPs_i/mig_7series_0/u_PmodIPs_mig_7series_0_0_mig/u_memc_ui_top_axi/mem_intfc0/ddr_phy_top0/u_ddr_mc_phy_wrapper/u_ddr_mc_phy/ddr_phy_4lanes_0.u_ddr_phy_4lanes/ddr_byte_lane_D.ddr_byte_lane_D/iserdes_clkdiv            |            12.3 |
| mem_refclk                                                                                                                                                  | PmodIPs_i/mig_7series_0/u_PmodIPs_mig_7series_0_0_mig/u_ddr3_infrastructure/mem_refclk                                                                                                                                        |             3.1 |
| mem_refclk_1                                                                                                                                                | PmodIPs_i/mig_7series_0/u_PmodIPs_mig_7series_0_0_mig/u_ddr3_infrastructure/mem_refclk                                                                                                                                        |             3.1 |
| mmcm_clkout0                                                                                                                                                | PmodIPs_i/mig_7series_0/u_PmodIPs_mig_7series_0_0_mig/u_ddr3_infrastructure/mmcm_clkout0                                                                                                                                      |             5.0 |
| mmcm_clkout0_1                                                                                                                                              | PmodIPs_i/mig_7series_0/u_PmodIPs_mig_7series_0_0_mig/u_ddr3_infrastructure/mmcm_clkout0                                                                                                                                      |             5.0 |
| oserdes_clk                                                                                                                                                 | PmodIPs_i/mig_7series_0/u_PmodIPs_mig_7series_0_0_mig/u_memc_ui_top_axi/mem_intfc0/ddr_phy_top0/u_ddr_mc_phy_wrapper/u_ddr_mc_phy/ddr_phy_4lanes_0.u_ddr_phy_4lanes/ddr_byte_lane_A.ddr_byte_lane_A/oserdes_clk               |             3.1 |
| oserdes_clk_1                                                                                                                                               | PmodIPs_i/mig_7series_0/u_PmodIPs_mig_7series_0_0_mig/u_memc_ui_top_axi/mem_intfc0/ddr_phy_top0/u_ddr_mc_phy_wrapper/u_ddr_mc_phy/ddr_phy_4lanes_0.u_ddr_phy_4lanes/ddr_byte_lane_B.ddr_byte_lane_B/oserdes_clk               |             3.1 |
| oserdes_clk_2                                                                                                                                               | PmodIPs_i/mig_7series_0/u_PmodIPs_mig_7series_0_0_mig/u_memc_ui_top_axi/mem_intfc0/ddr_phy_top0/u_ddr_mc_phy_wrapper/u_ddr_mc_phy/ddr_phy_4lanes_0.u_ddr_phy_4lanes/ddr_byte_lane_C.ddr_byte_lane_C/oserdes_clk               |             3.1 |
| oserdes_clk_3                                                                                                                                               | PmodIPs_i/mig_7series_0/u_PmodIPs_mig_7series_0_0_mig/u_memc_ui_top_axi/mem_intfc0/ddr_phy_top0/u_ddr_mc_phy_wrapper/u_ddr_mc_phy/ddr_phy_4lanes_0.u_ddr_phy_4lanes/ddr_byte_lane_D.ddr_byte_lane_D/oserdes_clk               |             3.1 |
| oserdes_clk_4                                                                                                                                               | PmodIPs_i/mig_7series_0/u_PmodIPs_mig_7series_0_0_mig/u_memc_ui_top_axi/mem_intfc0/ddr_phy_top0/u_ddr_mc_phy_wrapper/u_ddr_mc_phy/ddr_phy_4lanes_0.u_ddr_phy_4lanes/ddr_byte_lane_A.ddr_byte_lane_A/oserdes_clk               |             3.1 |
| oserdes_clk_5                                                                                                                                               | PmodIPs_i/mig_7series_0/u_PmodIPs_mig_7series_0_0_mig/u_memc_ui_top_axi/mem_intfc0/ddr_phy_top0/u_ddr_mc_phy_wrapper/u_ddr_mc_phy/ddr_phy_4lanes_0.u_ddr_phy_4lanes/ddr_byte_lane_B.ddr_byte_lane_B/oserdes_clk               |             3.1 |
| oserdes_clk_6                                                                                                                                               | PmodIPs_i/mig_7series_0/u_PmodIPs_mig_7series_0_0_mig/u_memc_ui_top_axi/mem_intfc0/ddr_phy_top0/u_ddr_mc_phy_wrapper/u_ddr_mc_phy/ddr_phy_4lanes_0.u_ddr_phy_4lanes/ddr_byte_lane_C.ddr_byte_lane_C/oserdes_clk               |             3.1 |
| oserdes_clk_7                                                                                                                                               | PmodIPs_i/mig_7series_0/u_PmodIPs_mig_7series_0_0_mig/u_memc_ui_top_axi/mem_intfc0/ddr_phy_top0/u_ddr_mc_phy_wrapper/u_ddr_mc_phy/ddr_phy_4lanes_0.u_ddr_phy_4lanes/ddr_byte_lane_D.ddr_byte_lane_D/oserdes_clk               |             3.1 |
| oserdes_clkdiv                                                                                                                                              | PmodIPs_i/mig_7series_0/u_PmodIPs_mig_7series_0_0_mig/u_memc_ui_top_axi/mem_intfc0/ddr_phy_top0/u_ddr_mc_phy_wrapper/u_ddr_mc_phy/ddr_phy_4lanes_0.u_ddr_phy_4lanes/ddr_byte_lane_A.ddr_byte_lane_A/oserdes_clkdiv            |            12.3 |
| oserdes_clkdiv_1                                                                                                                                            | PmodIPs_i/mig_7series_0/u_PmodIPs_mig_7series_0_0_mig/u_memc_ui_top_axi/mem_intfc0/ddr_phy_top0/u_ddr_mc_phy_wrapper/u_ddr_mc_phy/ddr_phy_4lanes_0.u_ddr_phy_4lanes/ddr_byte_lane_B.ddr_byte_lane_B/oserdes_clkdiv            |            12.3 |
| oserdes_clkdiv_2                                                                                                                                            | PmodIPs_i/mig_7series_0/u_PmodIPs_mig_7series_0_0_mig/u_memc_ui_top_axi/mem_intfc0/ddr_phy_top0/u_ddr_mc_phy_wrapper/u_ddr_mc_phy/ddr_phy_4lanes_0.u_ddr_phy_4lanes/ddr_byte_lane_C.ddr_byte_lane_C/oserdes_clkdiv            |             6.2 |
| oserdes_clkdiv_3                                                                                                                                            | PmodIPs_i/mig_7series_0/u_PmodIPs_mig_7series_0_0_mig/u_memc_ui_top_axi/mem_intfc0/ddr_phy_top0/u_ddr_mc_phy_wrapper/u_ddr_mc_phy/ddr_phy_4lanes_0.u_ddr_phy_4lanes/ddr_byte_lane_D.ddr_byte_lane_D/oserdes_clkdiv            |             6.2 |
| oserdes_clkdiv_4                                                                                                                                            | PmodIPs_i/mig_7series_0/u_PmodIPs_mig_7series_0_0_mig/u_memc_ui_top_axi/mem_intfc0/ddr_phy_top0/u_ddr_mc_phy_wrapper/u_ddr_mc_phy/ddr_phy_4lanes_0.u_ddr_phy_4lanes/ddr_byte_lane_A.ddr_byte_lane_A/oserdes_clkdiv            |            12.3 |
| oserdes_clkdiv_5                                                                                                                                            | PmodIPs_i/mig_7series_0/u_PmodIPs_mig_7series_0_0_mig/u_memc_ui_top_axi/mem_intfc0/ddr_phy_top0/u_ddr_mc_phy_wrapper/u_ddr_mc_phy/ddr_phy_4lanes_0.u_ddr_phy_4lanes/ddr_byte_lane_B.ddr_byte_lane_B/oserdes_clkdiv            |            12.3 |
| oserdes_clkdiv_6                                                                                                                                            | PmodIPs_i/mig_7series_0/u_PmodIPs_mig_7series_0_0_mig/u_memc_ui_top_axi/mem_intfc0/ddr_phy_top0/u_ddr_mc_phy_wrapper/u_ddr_mc_phy/ddr_phy_4lanes_0.u_ddr_phy_4lanes/ddr_byte_lane_C.ddr_byte_lane_C/oserdes_clkdiv            |             6.2 |
| oserdes_clkdiv_7                                                                                                                                            | PmodIPs_i/mig_7series_0/u_PmodIPs_mig_7series_0_0_mig/u_memc_ui_top_axi/mem_intfc0/ddr_phy_top0/u_ddr_mc_phy_wrapper/u_ddr_mc_phy/ddr_phy_4lanes_0.u_ddr_phy_4lanes/ddr_byte_lane_D.ddr_byte_lane_D/oserdes_clkdiv            |             6.2 |
| pll_clk3_out                                                                                                                                                | PmodIPs_i/mig_7series_0/u_PmodIPs_mig_7series_0_0_mig/u_ddr3_infrastructure/pll_clk3_out                                                                                                                                      |            12.3 |
| pll_clk3_out_1                                                                                                                                              | PmodIPs_i/mig_7series_0/u_PmodIPs_mig_7series_0_0_mig/u_ddr3_infrastructure/pll_clk3_out                                                                                                                                      |            12.3 |
| pll_clkfbout                                                                                                                                                | PmodIPs_i/mig_7series_0/u_PmodIPs_mig_7series_0_0_mig/u_ddr3_infrastructure/pll_clkfbout                                                                                                                                      |            10.0 |
| pll_clkfbout_1                                                                                                                                              | PmodIPs_i/mig_7series_0/u_PmodIPs_mig_7series_0_0_mig/u_ddr3_infrastructure/pll_clkfbout                                                                                                                                      |            10.0 |
| sync_pulse                                                                                                                                                  | PmodIPs_i/mig_7series_0/u_PmodIPs_mig_7series_0_0_mig/u_ddr3_infrastructure/sync_pulse                                                                                                                                        |            49.2 |
| sync_pulse_1                                                                                                                                                | PmodIPs_i/mig_7series_0/u_PmodIPs_mig_7series_0_0_mig/u_ddr3_infrastructure/sync_pulse                                                                                                                                        |            49.2 |
| sys_clk_i                                                                                                                                                   | sys_clk_i                                                                                                                                                                                                                     |            10.0 |
| sys_clk_pin                                                                                                                                                 | sys_clk_i                                                                                                                                                                                                                     |            10.0 |
| u_memc_ui_top_axi/mem_intfc0/ddr_phy_top0/u_ddr_mc_phy_wrapper/u_ddr_mc_phy/ddr_phy_4lanes_0.u_ddr_phy_4lanes/ddr_byte_lane_C.ddr_byte_lane_C/iserdes_clk   | PmodIPs_i/mig_7series_0/u_PmodIPs_mig_7series_0_0_mig/u_memc_ui_top_axi/mem_intfc0/ddr_phy_top0/u_ddr_mc_phy_wrapper/u_ddr_mc_phy/ddr_phy_4lanes_0.u_ddr_phy_4lanes/ddr_byte_lane_C.ddr_byte_lane_C/phaser_in_gen.phaser_in_0 |             3.1 |
| u_memc_ui_top_axi/mem_intfc0/ddr_phy_top0/u_ddr_mc_phy_wrapper/u_ddr_mc_phy/ddr_phy_4lanes_0.u_ddr_phy_4lanes/ddr_byte_lane_C.ddr_byte_lane_C/iserdes_clk_1 | PmodIPs_i/mig_7series_0/u_PmodIPs_mig_7series_0_0_mig/u_memc_ui_top_axi/mem_intfc0/ddr_phy_top0/u_ddr_mc_phy_wrapper/u_ddr_mc_phy/ddr_phy_4lanes_0.u_ddr_phy_4lanes/ddr_byte_lane_C.ddr_byte_lane_C/phaser_in_gen.phaser_in_0 |             3.1 |
| u_memc_ui_top_axi/mem_intfc0/ddr_phy_top0/u_ddr_mc_phy_wrapper/u_ddr_mc_phy/ddr_phy_4lanes_0.u_ddr_phy_4lanes/ddr_byte_lane_D.ddr_byte_lane_D/iserdes_clk   | PmodIPs_i/mig_7series_0/u_PmodIPs_mig_7series_0_0_mig/u_memc_ui_top_axi/mem_intfc0/ddr_phy_top0/u_ddr_mc_phy_wrapper/u_ddr_mc_phy/ddr_phy_4lanes_0.u_ddr_phy_4lanes/ddr_byte_lane_D.ddr_byte_lane_D/phaser_in_gen.phaser_in_0 |             3.1 |
| u_memc_ui_top_axi/mem_intfc0/ddr_phy_top0/u_ddr_mc_phy_wrapper/u_ddr_mc_phy/ddr_phy_4lanes_0.u_ddr_phy_4lanes/ddr_byte_lane_D.ddr_byte_lane_D/iserdes_clk_1 | PmodIPs_i/mig_7series_0/u_PmodIPs_mig_7series_0_0_mig/u_memc_ui_top_axi/mem_intfc0/ddr_phy_top0/u_ddr_mc_phy_wrapper/u_ddr_mc_phy/ddr_phy_4lanes_0.u_ddr_phy_4lanes/ddr_byte_lane_D.ddr_byte_lane_D/phaser_in_gen.phaser_in_0 |             3.1 |
+-------------------------------------------------------------------------------------------------------------------------------------------------------------+-------------------------------------------------------------------------------------------------------------------------------------------------------------------------------------------------------------------------------+-----------------+


3. Detailed Reports
-------------------

3.1 By Hierarchy
----------------

+-------------------------------------+-----------+
| Name                                | Power (W) |
+-------------------------------------+-----------+
| PmodIPs_wrapper                     |     0.991 |
|   PmodIPs_i                         |     0.969 |
|     AXI_UARTLITE                    |     0.002 |
|       U0                            |     0.002 |
|     ClockDivider_0                  |     0.001 |
|       U0                            |     0.001 |
|     axi_smc                         |     0.099 |
|       inst                          |     0.099 |
|     clk_wiz_0                       |     0.102 |
|       inst                          |     0.102 |
|     microblaze_0                    |     0.134 |
|       U0                            |     0.134 |
|     microblaze_0_axi_intc           |     0.002 |
|       U0                            |     0.002 |
|     microblaze_0_axi_periph         |     0.004 |
|       xbar                          |     0.004 |
|     mig_7series_0                   |     0.622 |
|       u_PmodIPs_mig_7series_0_0_mig |     0.621 |
|   btn_tri_iobuf_0                   |     0.005 |
|   btn_tri_iobuf_1                   |     0.005 |
|   btn_tri_iobuf_2                   |     0.004 |
|   btn_tri_iobuf_3                   |     0.005 |
+-------------------------------------+-----------+


